Using pre-set license
Built from '2021.3/staging' branch; Version is '2021.3.11f1 (0a5ca18544bf) revision 679073'; Using compiler version '192829333'; Build Type 'Release'
OS: 'Windows 11  (10.0.22621) 64bit CoreSingleLanguage' Language: 'pt' Physical Memory: 12202 MB
BatchMode: 1, IsHumanControllingUs: 0, StartBugReporterOnCrash: 0, Is64bit: 1, IsPro: 1

COMMAND LINE ARGUMENTS:
C:\Program Files\Unity\Hub\Editor\2021.3.11f1\Editor\Unity.exe
-adb2
-batchMode
-noUpm
-name
AssetImportWorker1
-projectPath
C:/Users/mathe/OneDrive/Documentos/Projetos de Aplicativos/UnityARFoundationEssentials-master
-logFile
Logs/AssetImportWorker1.log
-srvPort
57330
Successfully changed project path to: C:/Users/mathe/OneDrive/Documentos/Projetos de Aplicativos/UnityARFoundationEssentials-master
C:/Users/mathe/OneDrive/Documentos/Projetos de Aplicativos/UnityARFoundationEssentials-master
[UnityMemory] Configuration Parameters - Can be set up in boot.config
    "memorysetup-bucket-allocator-granularity=16"
    "memorysetup-bucket-allocator-bucket-count=8"
    "memorysetup-bucket-allocator-block-size=33554432"
    "memorysetup-bucket-allocator-block-count=8"
    "memorysetup-main-allocator-block-size=16777216"
    "memorysetup-thread-allocator-block-size=16777216"
    "memorysetup-gfx-main-allocator-block-size=16777216"
    "memorysetup-gfx-thread-allocator-block-size=16777216"
    "memorysetup-cache-allocator-block-size=4194304"
    "memorysetup-typetree-allocator-block-size=2097152"
    "memorysetup-profiler-bucket-allocator-granularity=16"
    "memorysetup-profiler-bucket-allocator-bucket-count=8"
    "memorysetup-profiler-bucket-allocator-block-size=33554432"
    "memorysetup-profiler-bucket-allocator-block-count=8"
    "memorysetup-profiler-allocator-block-size=16777216"
    "memorysetup-profiler-editor-allocator-block-size=1048576"
    "memorysetup-temp-allocator-size-main=16777216"
    "memorysetup-job-temp-allocator-block-size=2097152"
    "memorysetup-job-temp-allocator-block-size-background=1048576"
    "memorysetup-job-temp-allocator-reduction-small-platforms=262144"
    "memorysetup-temp-allocator-size-background-worker=32768"
    "memorysetup-temp-allocator-size-job-worker=262144"
    "memorysetup-temp-allocator-size-preload-manager=33554432"
    "memorysetup-temp-allocator-size-nav-mesh-worker=65536"
    "memorysetup-temp-allocator-size-audio-worker=65536"
    "memorysetup-temp-allocator-size-cloud-worker=32768"
    "memorysetup-temp-allocator-size-gi-baking-worker=262144"
    "memorysetup-temp-allocator-size-gfx=262144"
Refreshing native plugins compatible for Editor in 450.62 ms, found 2 plugins.
Preloading 0 native plugins for Editor in 0.00 ms.
Initialize engine version: 2021.3.11f1 (0a5ca18544bf)
[Subsystems] Discovering subsystems at path C:/Program Files/Unity/Hub/Editor/2021.3.11f1/Editor/Data/Resources/UnitySubsystems
[Subsystems] Discovering subsystems at path C:/Users/mathe/OneDrive/Documentos/Projetos de Aplicativos/UnityARFoundationEssentials-master/Assets
GfxDevice: creating device client; threaded=0; jobified=0
Direct3D:
    Version:  Direct3D 11.0 [level 11.0]
    Renderer: NVIDIA GeForce MX110 (ID=0x174e)
    Vendor:   NVIDIA
    VRAM:     2008 MB
    Driver:   31.0.15.3699
Initialize mono
Mono path[0] = 'C:/Program Files/Unity/Hub/Editor/2021.3.11f1/Editor/Data/Managed'
Mono path[1] = 'C:/Program Files/Unity/Hub/Editor/2021.3.11f1/Editor/Data/MonoBleedingEdge/lib/mono/unityjit-win32'
Mono config path = 'C:/Program Files/Unity/Hub/Editor/2021.3.11f1/Editor/Data/MonoBleedingEdge/etc'
Using monoOptions --debugger-agent=transport=dt_socket,embedding=1,server=y,suspend=n,address=127.0.0.1:56588
Begin MonoManager ReloadAssembly
Registering precompiled unity dll's ...
Register platform support module: C:/Program Files/Unity/Hub/Editor/2021.3.11f1/Editor/Data/PlaybackEngines/WebGLSupport/UnityEditor.WebGL.Extensions.dll
Register platform support module: C:/Program Files/Unity/Hub/Editor/2021.3.11f1/Editor/Data/PlaybackEngines/AndroidPlayer/UnityEditor.Android.Extensions.dll
Register platform support module: C:/Program Files/Unity/Hub/Editor/2021.3.11f1/Editor/Data/PlaybackEngines/WindowsStandaloneSupport/UnityEditor.WindowsStandalone.Extensions.dll
Register platform support module: C:/Program Files/Unity/Hub/Editor/2021.3.11f1/Editor/Data/PlaybackEngines/LinuxStandaloneSupport/UnityEditor.LinuxStandalone.Extensions.dll
Registered in 0.012251 seconds.
Native extension for LinuxStandalone target not found
Native extension for WindowsStandalone target not found
Native extension for Android target not found
Native extension for WebGL target not found
Refreshing native plugins compatible for Editor in 71.79 ms, found 2 plugins.
Preloading 0 native plugins for Editor in 0.00 ms.
Mono: successfully reloaded assembly
- Completed reload, in  0.761 seconds
Domain Reload Profiling:
	ReloadAssembly (761ms)
		BeginReloadAssembly (91ms)
			ExecutionOrderSort (0ms)
			DisableScriptedObjects (0ms)
			BackupInstance (0ms)
			ReleaseScriptingObjects (0ms)
			CreateAndSetChildDomain (1ms)
		EndReloadAssembly (525ms)
			LoadAssemblies (89ms)
			RebuildTransferFunctionScriptingTraits (0ms)
			SetupTypeCache (133ms)
			ReleaseScriptCaches (0ms)
			RebuildScriptCaches (30ms)
			SetupLoadedEditorAssemblies (302ms)
				LogAssemblyErrors (0ms)
				InitializePlatformSupportModulesInManaged (71ms)
				SetLoadedEditorAssemblies (0ms)
				RefreshPlugins (72ms)
				BeforeProcessingInitializeOnLoad (2ms)
				ProcessInitializeOnLoadAttributes (106ms)
				ProcessInitializeOnLoadMethodAttributes (52ms)
				AfterProcessingInitializeOnLoad (0ms)
				EditorAssembliesLoaded (0ms)
			ExecutionOrderSort2 (0ms)
			AwakeInstancesAfterBackupRestoration (0ms)
Platform modules already initialized, skipping
Registering precompiled user dll's ...
Registered in 0.009764 seconds.
Begin MonoManager ReloadAssembly
Native extension for LinuxStandalone target not found
Native extension for WindowsStandalone target not found
Native extension for Android target not found
Native extension for WebGL target not found
Refreshing native plugins compatible for Editor in 71.45 ms, found 2 plugins.
Preloading 0 native plugins for Editor in 0.00 ms.
Package Manager log level set to [2]
Mono: successfully reloaded assembly
- Completed reload, in  1.872 seconds
Domain Reload Profiling:
	ReloadAssembly (1873ms)
		BeginReloadAssembly (252ms)
			ExecutionOrderSort (0ms)
			DisableScriptedObjects (6ms)
			BackupInstance (0ms)
			ReleaseScriptingObjects (0ms)
			CreateAndSetChildDomain (132ms)
		EndReloadAssembly (1449ms)
			LoadAssemblies (129ms)
			RebuildTransferFunctionScriptingTraits (0ms)
			SetupTypeCache (269ms)
			ReleaseScriptCaches (1ms)
			RebuildScriptCaches (63ms)
			SetupLoadedEditorAssemblies (948ms)
				LogAssemblyErrors (0ms)
				InitializePlatformSupportModulesInManaged (20ms)
				SetLoadedEditorAssemblies (0ms)
				RefreshPlugins (72ms)
				BeforeProcessingInitializeOnLoad (131ms)
				ProcessInitializeOnLoadAttributes (570ms)
				ProcessInitializeOnLoadMethodAttributes (144ms)
				AfterProcessingInitializeOnLoad (10ms)
				EditorAssembliesLoaded (0ms)
			ExecutionOrderSort2 (0ms)
			AwakeInstancesAfterBackupRestoration (9ms)
Platform modules already initialized, skipping
========================================================================
Worker process is ready to serve import requests
Launched and connected shader compiler UnityShaderCompiler.exe after 0.05 seconds
Refreshing native plugins compatible for Editor in 2.21 ms, found 2 plugins.
Preloading 0 native plugins for Editor in 0.00 ms.
Unloading 3323 Unused Serialized files (Serialized files now loaded: 0)
Unloading 135 unused Assets / (132.6 KB). Loaded Objects now: 3759.
Memory consumption went from 129.7 MB to 129.5 MB.
Total: 16.302100 ms (FindLiveObjects: 0.422500 ms CreateObjectMapping: 0.350800 ms MarkObjects: 15.145600 ms  DeleteObjects: 0.378500 ms)

AssetImportParameters requested are different than current active one (requested -> active):
  custom:video-decoder-ogg-theora: a1e56fd34408186e4bbccfd4996cb3dc -> 
  custom:container-muxer-webm: aa71ff27fc2769a1b78a27578f13a17b -> 
  custom:container-demuxer-webm: 4f35f7cbe854078d1ac9338744f61a02 -> 
  custom:video-encoder-webm-vp8: eb34c28f22e8b96e1ab97ce403110664 -> 
  custom:video-codec-MediaFoundation-h265: 746d11721c4dcdbdad8f713fa42b33f4 -> 
  custom:audio-encoder-webm-vorbis: bf7c407c2cedff20999df2af8eb42d56 -> 
  custom:framework-win-MediaFoundation: 216162199b28c13a410421893ffa2e32 -> 
  custom:container-demuxer-ogg: 62fdf1f143b41e24485cea50d1cbac27 -> 
  custom:video-decoder-webm-vp8: 9c59270c3fd7afecdb556c50c9e8de78 -> 
  custom:audio-decoder-ogg-vorbis: bf7c407c2cedff20999df2af8eb42d56 -> 
========================================================================
Received Import Request.
  Time since last request: 1578.382469 seconds.
  path: Assets/Realistic_Furniture_And_Interior_Props_Pack/Prefabs/RFAIPP_Acoustic_System_2.prefab
  artifactKey: Guid(9f2d560872a335d4aa0b501fc4bef746) Importer(815301076,1909f56bfc062723c751e8b465ee728b)
Start importing Assets/Realistic_Furniture_And_Interior_Props_Pack/Prefabs/RFAIPP_Acoustic_System_2.prefab using Guid(9f2d560872a335d4aa0b501fc4bef746) Importer(815301076,1909f56bfc062723c751e8b465ee728b)  -> (artifact id: '80331c99a7b5377a054b40a49a4990c4') in 0.415459 seconds 
========================================================================
Received Import Request.
  Time since last request: 0.000021 seconds.
  path: Assets/Realistic_Furniture_And_Interior_Props_Pack/Prefabs/RFAIPP_Candlestick.prefab
  artifactKey: Guid(9755affdab01d244c847c9ed27560876) Importer(815301076,1909f56bfc062723c751e8b465ee728b)
Start importing Assets/Realistic_Furniture_And_Interior_Props_Pack/Prefabs/RFAIPP_Candlestick.prefab using Guid(9755affdab01d244c847c9ed27560876) Importer(815301076,1909f56bfc062723c751e8b465ee728b)  -> (artifact id: '12ca2b55c0bea8dc7ad657ebe92ac1a3') in 0.049925 seconds 
========================================================================
Received Import Request.
  Time since last request: 0.000035 seconds.
  path: Assets/Realistic_Furniture_And_Interior_Props_Pack/Prefabs/RFAIPP_Bed_2.prefab
  artifactKey: Guid(d3425841044ac5a4fabdf7d7efc79b71) Importer(815301076,1909f56bfc062723c751e8b465ee728b)
Start importing Assets/Realistic_Furniture_And_Interior_Props_Pack/Prefabs/RFAIPP_Bed_2.prefab using Guid(d3425841044ac5a4fabdf7d7efc79b71) Importer(815301076,1909f56bfc062723c751e8b465ee728b)  -> (artifact id: 'fbc7366c2837e58da7b230f52f9d6b8c') in 0.199975 seconds 
========================================================================
Received Import Request.
  Time since last request: 0.000025 seconds.
  path: Assets/Realistic_Furniture_And_Interior_Props_Pack/Prefabs/RFAIPP_Modular_Bench_Side.prefab
  artifactKey: Guid(fbc45019eb4a66346a60487055ce0061) Importer(815301076,1909f56bfc062723c751e8b465ee728b)
Start importing Assets/Realistic_Furniture_And_Interior_Props_Pack/Prefabs/RFAIPP_Modular_Bench_Side.prefab using Guid(fbc45019eb4a66346a60487055ce0061) Importer(815301076,1909f56bfc062723c751e8b465ee728b)  -> (artifact id: 'c8a6c4127b3d5a3760e9adec9d9a3df2') in 0.085197 seconds 
========================================================================
Received Import Request.
  Time since last request: 0.000029 seconds.
  path: Assets/Realistic_Furniture_And_Interior_Props_Pack/Prefabs/RFAIPP_Chair_3.prefab
  artifactKey: Guid(8a4a15d25451a92469d66ee0e56d820e) Importer(815301076,1909f56bfc062723c751e8b465ee728b)
Start importing Assets/Realistic_Furniture_And_Interior_Props_Pack/Prefabs/RFAIPP_Chair_3.prefab using Guid(8a4a15d25451a92469d66ee0e56d820e) Importer(815301076,1909f56bfc062723c751e8b465ee728b)  -> (artifact id: 'f9d26741ea8f2a107f89ec97be82bea7') in 0.072329 seconds 
========================================================================
Received Import Request.
  Time since last request: 0.000018 seconds.
  path: Assets/Realistic_Furniture_And_Interior_Props_Pack/Prefabs/RFAIPP_Kitchen_Table_2.prefab
  artifactKey: Guid(4ad7485c4f8323c46b22ef419c57a57f) Importer(815301076,1909f56bfc062723c751e8b465ee728b)
Start importing Assets/Realistic_Furniture_And_Interior_Props_Pack/Prefabs/RFAIPP_Kitchen_Table_2.prefab using Guid(4ad7485c4f8323c46b22ef419c57a57f) Importer(815301076,1909f56bfc062723c751e8b465ee728b)  -> (artifact id: 'd067a37e08c515f3bba82b2996958269') in 0.081916 seconds 
========================================================================
Received Import Request.
  Time since last request: 0.000023 seconds.
  path: Assets/Realistic_Furniture_And_Interior_Props_Pack/Prefabs/RFAIPP_Mirror_2.prefab
  artifactKey: Guid(5aa335fbb886b074ca30326095f5408b) Importer(815301076,1909f56bfc062723c751e8b465ee728b)
Start importing Assets/Realistic_Furniture_And_Interior_Props_Pack/Prefabs/RFAIPP_Mirror_2.prefab using Guid(5aa335fbb886b074ca30326095f5408b) Importer(815301076,1909f56bfc062723c751e8b465ee728b)  -> (artifact id: '0e80af9c499505c2973334e1024b32d4') in 0.070597 seconds 
========================================================================
Received Import Request.
  Time since last request: 0.000046 seconds.
  path: Assets/Realistic_Furniture_And_Interior_Props_Pack/Prefabs/RFAIPP_Office_Armchair_2.prefab
  artifactKey: Guid(a866879c23c350c43807e9106fc2138d) Importer(815301076,1909f56bfc062723c751e8b465ee728b)
Start importing Assets/Realistic_Furniture_And_Interior_Props_Pack/Prefabs/RFAIPP_Office_Armchair_2.prefab using Guid(a866879c23c350c43807e9106fc2138d) Importer(815301076,1909f56bfc062723c751e8b465ee728b)  -> (artifact id: '816b409275530791bba963c3635c904e') in 0.089089 seconds 
========================================================================
Received Import Request.
  Time since last request: 0.000030 seconds.
  path: Assets/Realistic_Furniture_And_Interior_Props_Pack/Prefabs/RFAIPP_Kitchen_Sink.prefab
  artifactKey: Guid(179d7f984df2d8e4fb2a3adad779b359) Importer(815301076,1909f56bfc062723c751e8b465ee728b)
Start importing Assets/Realistic_Furniture_And_Interior_Props_Pack/Prefabs/RFAIPP_Kitchen_Sink.prefab using Guid(179d7f984df2d8e4fb2a3adad779b359) Importer(815301076,1909f56bfc062723c751e8b465ee728b)  -> (artifact id: '8bd6df012833a97e5e9a486ff72fd681') in 0.091850 seconds 
========================================================================
Received Import Request.
  Time since last request: 0.000020 seconds.
  path: Assets/Realistic_Furniture_And_Interior_Props_Pack/Prefabs/RFAIPP_Bathroom_Tap.prefab
  artifactKey: Guid(01c75f40b9778e44294085a772b5071b) Importer(815301076,1909f56bfc062723c751e8b465ee728b)
Start importing Assets/Realistic_Furniture_And_Interior_Props_Pack/Prefabs/RFAIPP_Bathroom_Tap.prefab using Guid(01c75f40b9778e44294085a772b5071b) Importer(815301076,1909f56bfc062723c751e8b465ee728b)  -> (artifact id: '6a5938fcd3166490b59f694b94fa09c4') in 0.078055 seconds 
========================================================================
Received Import Request.
  Time since last request: 0.000033 seconds.
  path: Assets/Realistic_Furniture_And_Interior_Props_Pack/Prefabs/RFAIPP_Bed_1.prefab
  artifactKey: Guid(496c96cf27292e343b163d7cedb852b0) Importer(815301076,1909f56bfc062723c751e8b465ee728b)
Start importing Assets/Realistic_Furniture_And_Interior_Props_Pack/Prefabs/RFAIPP_Bed_1.prefab using Guid(496c96cf27292e343b163d7cedb852b0) Importer(815301076,1909f56bfc062723c751e8b465ee728b)  -> (artifact id: '3f9179d50ad33adf663e4a7bba937e4b') in 0.089157 seconds 
========================================================================
Received Import Request.
  Time since last request: 0.000036 seconds.
  path: Assets/Realistic_Furniture_And_Interior_Props_Pack/Prefabs/RFAIPP_Office_Armchair_1.prefab
  artifactKey: Guid(5dd0eb54d4b9e3e49a5d28f03311f8ac) Importer(815301076,1909f56bfc062723c751e8b465ee728b)
Start importing Assets/Realistic_Furniture_And_Interior_Props_Pack/Prefabs/RFAIPP_Office_Armchair_1.prefab using Guid(5dd0eb54d4b9e3e49a5d28f03311f8ac) Importer(815301076,1909f56bfc062723c751e8b465ee728b)  -> (artifact id: 'e9aa99a503b5709d3d50a54eca9513b0') in 0.083521 seconds 
========================================================================
Received Import Request.
  Time since last request: 0.000053 seconds.
  path: Assets/Realistic_Furniture_And_Interior_Props_Pack/Prefabs/RFAIPP_Kitchen_Table_4.prefab
  artifactKey: Guid(01705859266d9d4469daf02463c40a3c) Importer(815301076,1909f56bfc062723c751e8b465ee728b)
Start importing Assets/Realistic_Furniture_And_Interior_Props_Pack/Prefabs/RFAIPP_Kitchen_Table_4.prefab using Guid(01705859266d9d4469daf02463c40a3c) Importer(815301076,1909f56bfc062723c751e8b465ee728b)  -> (artifact id: '09ec767df67e6ed5128f8fc5568feeeb') in 0.084594 seconds 
========================================================================
Received Import Request.
  Time since last request: 0.000024 seconds.
  path: Assets/Realistic_Furniture_And_Interior_Props_Pack/Prefabs/RFAIPP_Modular_Sofa_Horizontal.prefab
  artifactKey: Guid(65d7a95a2bafba14eb74dfc0c1284f72) Importer(815301076,1909f56bfc062723c751e8b465ee728b)
Start importing Assets/Realistic_Furniture_And_Interior_Props_Pack/Prefabs/RFAIPP_Modular_Sofa_Horizontal.prefab using Guid(65d7a95a2bafba14eb74dfc0c1284f72) Importer(815301076,1909f56bfc062723c751e8b465ee728b)  -> (artifact id: '8fcf64f2cd1756825cf815fb816b8325') in 0.100237 seconds 
========================================================================
Received Import Request.
  Time since last request: 0.000049 seconds.
  path: Assets/Realistic_Furniture_And_Interior_Props_Pack/Prefabs/RFAIPP_Acoustic_System_3.prefab
  artifactKey: Guid(10a4b7b1359186d449f593c3f853f7dc) Importer(815301076,1909f56bfc062723c751e8b465ee728b)
Start importing Assets/Realistic_Furniture_And_Interior_Props_Pack/Prefabs/RFAIPP_Acoustic_System_3.prefab using Guid(10a4b7b1359186d449f593c3f853f7dc) Importer(815301076,1909f56bfc062723c751e8b465ee728b)  -> (artifact id: '64d2f11a4628caedad1e0551c2d61415') in 0.071634 seconds 
========================================================================
Received Import Request.
  Time since last request: 0.000032 seconds.
  path: Assets/Realistic_Furniture_And_Interior_Props_Pack/Prefabs/RFAIPP_Console_4.prefab
  artifactKey: Guid(33c41f1244abbac408f332d049fb552a) Importer(815301076,1909f56bfc062723c751e8b465ee728b)
Start importing Assets/Realistic_Furniture_And_Interior_Props_Pack/Prefabs/RFAIPP_Console_4.prefab using Guid(33c41f1244abbac408f332d049fb552a) Importer(815301076,1909f56bfc062723c751e8b465ee728b)  -> (artifact id: '2df7c49cf928120efebd131dcd4e506f') in 0.083601 seconds 
========================================================================
Received Import Request.
  Time since last request: 0.000035 seconds.
  path: Assets/Realistic_Furniture_And_Interior_Props_Pack/Prefabs/RFAIPP_Dining_Table_2.prefab
  artifactKey: Guid(2e05038adc96e6549b82db939cde341d) Importer(815301076,1909f56bfc062723c751e8b465ee728b)
Start importing Assets/Realistic_Furniture_And_Interior_Props_Pack/Prefabs/RFAIPP_Dining_Table_2.prefab using Guid(2e05038adc96e6549b82db939cde341d) Importer(815301076,1909f56bfc062723c751e8b465ee728b)  -> (artifact id: 'b2be15fd25616f1a63a484372b1ee1f2') in 0.081414 seconds 
========================================================================
Received Import Request.
  Time since last request: 0.000022 seconds.
  path: Assets/Realistic_Furniture_And_Interior_Props_Pack/Prefabs/RFAIPP_Kitchen_Cabinet_Down.prefab
  artifactKey: Guid(fcf06ec46d0005b4db19264b4f26b166) Importer(815301076,1909f56bfc062723c751e8b465ee728b)
Start importing Assets/Realistic_Furniture_And_Interior_Props_Pack/Prefabs/RFAIPP_Kitchen_Cabinet_Down.prefab using Guid(fcf06ec46d0005b4db19264b4f26b166) Importer(815301076,1909f56bfc062723c751e8b465ee728b)  -> (artifact id: 'cc6f80b81135dee08c718d2e5d9010ef') in 0.078925 seconds 
========================================================================
Received Import Request.
  Time since last request: 0.000030 seconds.
  path: Assets/Realistic_Furniture_And_Interior_Props_Pack/Prefabs/RFAIPP_Chandelier_6.prefab
  artifactKey: Guid(1c80bdb3dd004c646899f2e78cd8a1c2) Importer(815301076,1909f56bfc062723c751e8b465ee728b)
Start importing Assets/Realistic_Furniture_And_Interior_Props_Pack/Prefabs/RFAIPP_Chandelier_6.prefab using Guid(1c80bdb3dd004c646899f2e78cd8a1c2) Importer(815301076,1909f56bfc062723c751e8b465ee728b)  -> (artifact id: 'f7d2b3f44333e525548bf03769c3f112') in 0.151077 seconds 
========================================================================
Received Import Request.
  Time since last request: 0.000032 seconds.
  path: Assets/Realistic_Furniture_And_Interior_Props_Pack/Prefabs/RFAIPP_Armchair_3.prefab
  artifactKey: Guid(a3a114b7ef17d1340a401ea95013f347) Importer(815301076,1909f56bfc062723c751e8b465ee728b)
Start importing Assets/Realistic_Furniture_And_Interior_Props_Pack/Prefabs/RFAIPP_Armchair_3.prefab using Guid(a3a114b7ef17d1340a401ea95013f347) Importer(815301076,1909f56bfc062723c751e8b465ee728b)  -> (artifact id: '75cc2b75d3af066826911493375511d7') in 0.080729 seconds 
========================================================================
Received Import Request.
  Time since last request: 0.000026 seconds.
  path: Assets/Realistic_Furniture_And_Interior_Props_Pack/Prefabs/RFAIPP_Chair_8.prefab
  artifactKey: Guid(06d823bc73e6e5e4f931c3f42db2b906) Importer(815301076,1909f56bfc062723c751e8b465ee728b)
Start importing Assets/Realistic_Furniture_And_Interior_Props_Pack/Prefabs/RFAIPP_Chair_8.prefab using Guid(06d823bc73e6e5e4f931c3f42db2b906) Importer(815301076,1909f56bfc062723c751e8b465ee728b)  -> (artifact id: '12b99be9fde8fb04dbf2f57ec67ecf5a') in 0.079082 seconds 
========================================================================
Received Import Request.
  Time since last request: 0.000028 seconds.
  path: Assets/Realistic_Furniture_And_Interior_Props_Pack/Prefabs/RFAIPP_Bookcase_2.prefab
  artifactKey: Guid(ea936102b1c382948b870e97e93d2163) Importer(815301076,1909f56bfc062723c751e8b465ee728b)
Start importing Assets/Realistic_Furniture_And_Interior_Props_Pack/Prefabs/RFAIPP_Bookcase_2.prefab using Guid(ea936102b1c382948b870e97e93d2163) Importer(815301076,1909f56bfc062723c751e8b465ee728b)  -> (artifact id: 'cdd80c5f3d5e51253473bd3f90f44cc2') in 0.083341 seconds 
========================================================================
Received Import Request.
  Time since last request: 0.000040 seconds.
  path: Assets/Realistic_Furniture_And_Interior_Props_Pack/Prefabs/RFAIPP_Kitchen_Hoods.prefab
  artifactKey: Guid(72483585f7bf50244b39a9bf2af009eb) Importer(815301076,1909f56bfc062723c751e8b465ee728b)
Start importing Assets/Realistic_Furniture_And_Interior_Props_Pack/Prefabs/RFAIPP_Kitchen_Hoods.prefab using Guid(72483585f7bf50244b39a9bf2af009eb) Importer(815301076,1909f56bfc062723c751e8b465ee728b)  -> (artifact id: '152b8dce88a5aba396bddd5606925ced') in 0.076891 seconds 
========================================================================
Received Import Request.
  Time since last request: 0.000089 seconds.
  path: Assets/Realistic_Furniture_And_Interior_Props_Pack/Prefabs/RFAIPP_Chair_2.prefab
  artifactKey: Guid(84173c970a3c0cd47826e6b4368dc903) Importer(815301076,1909f56bfc062723c751e8b465ee728b)
Start importing Assets/Realistic_Furniture_And_Interior_Props_Pack/Prefabs/RFAIPP_Chair_2.prefab using Guid(84173c970a3c0cd47826e6b4368dc903) Importer(815301076,1909f56bfc062723c751e8b465ee728b)  -> (artifact id: 'a14de8eea632cc4a740ce9164e25d2f8') in 0.117671 seconds 
========================================================================
Received Import Request.
  Time since last request: 0.000058 seconds.
  path: Assets/Realistic_Furniture_And_Interior_Props_Pack/Prefabs/RFAIPP_Coffee_Table_3.prefab
  artifactKey: Guid(074e19c9c4151f144bff5ad5f8ae2d23) Importer(815301076,1909f56bfc062723c751e8b465ee728b)
Start importing Assets/Realistic_Furniture_And_Interior_Props_Pack/Prefabs/RFAIPP_Coffee_Table_3.prefab using Guid(074e19c9c4151f144bff5ad5f8ae2d23) Importer(815301076,1909f56bfc062723c751e8b465ee728b)  -> (artifact id: '766a1775bc0e624261607d83cded65df') in 0.078609 seconds 
========================================================================
Received Import Request.
  Time since last request: 0.000023 seconds.
  path: Assets/Realistic_Furniture_And_Interior_Props_Pack/Prefabs/RFAIPP_Gas_Stove.prefab
  artifactKey: Guid(a2d917c03ec2a8f4fa1f6b552a34aa0f) Importer(815301076,1909f56bfc062723c751e8b465ee728b)
Start importing Assets/Realistic_Furniture_And_Interior_Props_Pack/Prefabs/RFAIPP_Gas_Stove.prefab using Guid(a2d917c03ec2a8f4fa1f6b552a34aa0f) Importer(815301076,1909f56bfc062723c751e8b465ee728b)  -> (artifact id: 'f8857432ffe6105846cb16049d37faa2') in 0.082313 seconds 
========================================================================
Received Import Request.
  Time since last request: 0.000039 seconds.
  path: Assets/Realistic_Furniture_And_Interior_Props_Pack/Prefabs/RFAIPP_Mirror_1.prefab
  artifactKey: Guid(d1f5ea59f3a3fbd45809ab0816e93ca3) Importer(815301076,1909f56bfc062723c751e8b465ee728b)
Start importing Assets/Realistic_Furniture_And_Interior_Props_Pack/Prefabs/RFAIPP_Mirror_1.prefab using Guid(d1f5ea59f3a3fbd45809ab0816e93ca3) Importer(815301076,1909f56bfc062723c751e8b465ee728b)  -> (artifact id: '663cd2fbf589cfe3fe2dea12de4900f1') in 0.075052 seconds 
========================================================================
Received Import Request.
  Time since last request: 0.000044 seconds.
  path: Assets/Realistic_Furniture_And_Interior_Props_Pack/Prefabs/RFAIPP_Chandelier_7.prefab
  artifactKey: Guid(4ec7cbbb457362e4ca991988a91793b9) Importer(815301076,1909f56bfc062723c751e8b465ee728b)
Start importing Assets/Realistic_Furniture_And_Interior_Props_Pack/Prefabs/RFAIPP_Chandelier_7.prefab using Guid(4ec7cbbb457362e4ca991988a91793b9) Importer(815301076,1909f56bfc062723c751e8b465ee728b)  -> (artifact id: 'a8593ec0ca99075b3698412d9d4c5515') in 0.084318 seconds 
========================================================================
Received Import Request.
  Time since last request: 0.000026 seconds.
  path: Assets/Realistic_Furniture_And_Interior_Props_Pack/Prefabs/RFAIPP_Bashroom_Sink.prefab
  artifactKey: Guid(cdcdf409a1ad5814cba2e03a2762ec7a) Importer(815301076,1909f56bfc062723c751e8b465ee728b)
Start importing Assets/Realistic_Furniture_And_Interior_Props_Pack/Prefabs/RFAIPP_Bashroom_Sink.prefab using Guid(cdcdf409a1ad5814cba2e03a2762ec7a) Importer(815301076,1909f56bfc062723c751e8b465ee728b)  -> (artifact id: '2d9a9d48a910020a687094b567a46a8d') in 0.041876 seconds 
========================================================================
Received Import Request.
  Time since last request: 0.000057 seconds.
  path: Assets/Realistic_Furniture_And_Interior_Props_Pack/Prefabs/RFAIPP_Chandelier_4.prefab
  artifactKey: Guid(d4af06651d8d3584280c91256ee64bf9) Importer(815301076,1909f56bfc062723c751e8b465ee728b)
Start importing Assets/Realistic_Furniture_And_Interior_Props_Pack/Prefabs/RFAIPP_Chandelier_4.prefab using Guid(d4af06651d8d3584280c91256ee64bf9) Importer(815301076,1909f56bfc062723c751e8b465ee728b)  -> (artifact id: '13b5dae55b8e492960fdb31bd91873b6') in 0.089058 seconds 
========================================================================
Received Import Request.
  Time since last request: 0.000020 seconds.
  path: Assets/Realistic_Furniture_And_Interior_Props_Pack/Prefabs/RFAIPP_Coffee_Table_1.prefab
  artifactKey: Guid(3a093adb7d50ddd409a07ac10323120d) Importer(815301076,1909f56bfc062723c751e8b465ee728b)
Start importing Assets/Realistic_Furniture_And_Interior_Props_Pack/Prefabs/RFAIPP_Coffee_Table_1.prefab using Guid(3a093adb7d50ddd409a07ac10323120d) Importer(815301076,1909f56bfc062723c751e8b465ee728b)  -> (artifact id: '60d148ab760ba847528e4c719306fc07') in 0.083038 seconds 
========================================================================
Received Import Request.
  Time since last request: 0.000022 seconds.
  path: Assets/Realistic_Furniture_And_Interior_Props_Pack/Prefabs/RFAIPP_Coffee_Table_2.prefab
  artifactKey: Guid(fe7ec3b45ebffbe46a6607a6a507a5b8) Importer(815301076,1909f56bfc062723c751e8b465ee728b)
Start importing Assets/Realistic_Furniture_And_Interior_Props_Pack/Prefabs/RFAIPP_Coffee_Table_2.prefab using Guid(fe7ec3b45ebffbe46a6607a6a507a5b8) Importer(815301076,1909f56bfc062723c751e8b465ee728b)  -> (artifact id: '6b4a7dbc608a3b1c5176fa5fe713fbcd') in 0.080822 seconds 
========================================================================
Received Import Request.
  Time since last request: 0.000030 seconds.
  path: Assets/Realistic_Furniture_And_Interior_Props_Pack/Prefabs/RFAIPP_Kitchen_Table_3.prefab
  artifactKey: Guid(dcf6c723c76e2914680a80e0760a52fd) Importer(815301076,1909f56bfc062723c751e8b465ee728b)
Start importing Assets/Realistic_Furniture_And_Interior_Props_Pack/Prefabs/RFAIPP_Kitchen_Table_3.prefab using Guid(dcf6c723c76e2914680a80e0760a52fd) Importer(815301076,1909f56bfc062723c751e8b465ee728b)  -> (artifact id: '62fa529837a7becdef9baa7764ba5417') in 0.073015 seconds 
========================================================================
Received Import Request.
  Time since last request: 0.000036 seconds.
  path: Assets/Realistic_Furniture_And_Interior_Props_Pack/Prefabs/RFAIPP_Chair_4.prefab
  artifactKey: Guid(04cc30b424fd1844890712af6f7fe514) Importer(815301076,1909f56bfc062723c751e8b465ee728b)
Start importing Assets/Realistic_Furniture_And_Interior_Props_Pack/Prefabs/RFAIPP_Chair_4.prefab using Guid(04cc30b424fd1844890712af6f7fe514) Importer(815301076,1909f56bfc062723c751e8b465ee728b)  -> (artifact id: '1020cff662fec379396da40d1cb1e1f4') in 0.080430 seconds 
========================================================================
Received Import Request.
  Time since last request: 2.220541 seconds.
  path: Assets/Realistic_Furniture_And_Interior_Props_Pack/Prefabs/RFAIPP_Office_Armchair_4.prefab
  artifactKey: Guid(f6b1952a1a2375e4f8be5c44d6ec2f2a) Importer(815301076,1909f56bfc062723c751e8b465ee728b)
Start importing Assets/Realistic_Furniture_And_Interior_Props_Pack/Prefabs/RFAIPP_Office_Armchair_4.prefab using Guid(f6b1952a1a2375e4f8be5c44d6ec2f2a) Importer(815301076,1909f56bfc062723c751e8b465ee728b)  -> (artifact id: '171d87cd3329fe51a821bebfdb1d3ca2') in 0.094933 seconds 
========================================================================
Received Import Request.
  Time since last request: 0.000026 seconds.
  path: Assets/Realistic_Furniture_And_Interior_Props_Pack/Prefabs/RFAIPP_Pouf.prefab
  artifactKey: Guid(e08a740808a271b4fb40a6609ee512fc) Importer(815301076,1909f56bfc062723c751e8b465ee728b)
Start importing Assets/Realistic_Furniture_And_Interior_Props_Pack/Prefabs/RFAIPP_Pouf.prefab using Guid(e08a740808a271b4fb40a6609ee512fc) Importer(815301076,1909f56bfc062723c751e8b465ee728b)  -> (artifact id: 'ff22f3908cc94f777f53125b67253fb7') in 0.063154 seconds 
========================================================================
Received Import Request.
  Time since last request: 0.000028 seconds.
  path: Assets/Realistic_Furniture_And_Interior_Props_Pack/Prefabs/RFAIPP_Shower_1.prefab
  artifactKey: Guid(33af66193c40f16409760a479c4d1a55) Importer(815301076,1909f56bfc062723c751e8b465ee728b)
Start importing Assets/Realistic_Furniture_And_Interior_Props_Pack/Prefabs/RFAIPP_Shower_1.prefab using Guid(33af66193c40f16409760a479c4d1a55) Importer(815301076,1909f56bfc062723c751e8b465ee728b)  -> (artifact id: 'ccc4c3c1f3ccaaea746efc5504bf33b3') in 0.073003 seconds 
========================================================================
Received Import Request.
  Time since last request: 0.000026 seconds.
  path: Assets/Realistic_Furniture_And_Interior_Props_Pack/Prefabs/RFAIPP_Twist_Candlestick_4.prefab
  artifactKey: Guid(9a6480ce849e36145ac00716fe6d13f1) Importer(815301076,1909f56bfc062723c751e8b465ee728b)
Start importing Assets/Realistic_Furniture_And_Interior_Props_Pack/Prefabs/RFAIPP_Twist_Candlestick_4.prefab using Guid(9a6480ce849e36145ac00716fe6d13f1) Importer(815301076,1909f56bfc062723c751e8b465ee728b)  -> (artifact id: 'dae5670751f0fec30250b4cedf4d028e') in 0.073599 seconds 
========================================================================
Received Import Request.
  Time since last request: 0.000032 seconds.
  path: Assets/Realistic_Furniture_And_Interior_Props_Pack/Prefabs/RFAIPP_Stand.prefab
  artifactKey: Guid(25b7095a6df049c468ca6e5ca2d63af4) Importer(815301076,1909f56bfc062723c751e8b465ee728b)
Start importing Assets/Realistic_Furniture_And_Interior_Props_Pack/Prefabs/RFAIPP_Stand.prefab using Guid(25b7095a6df049c468ca6e5ca2d63af4) Importer(815301076,1909f56bfc062723c751e8b465ee728b)  -> (artifact id: '3742ed065f5da94658a8fc4c720bf5ce') in 0.115146 seconds 
========================================================================
Received Import Request.
  Time since last request: 0.000023 seconds.
  path: Assets/Realistic_Furniture_And_Interior_Props_Pack/Prefabs/RFAIPP_Pissoir.prefab
  artifactKey: Guid(0126718f6c636164198c902255696f02) Importer(815301076,1909f56bfc062723c751e8b465ee728b)
Start importing Assets/Realistic_Furniture_And_Interior_Props_Pack/Prefabs/RFAIPP_Pissoir.prefab using Guid(0126718f6c636164198c902255696f02) Importer(815301076,1909f56bfc062723c751e8b465ee728b)  -> (artifact id: '92bde7c07b4d5f429800f7ba7e2a02f7') in 0.042700 seconds 
========================================================================
Received Import Request.
  Time since last request: 0.000046 seconds.
  path: Assets/Realistic_Furniture_And_Interior_Props_Pack/Prefabs/RFAIPP_Toilet_Paper.prefab
  artifactKey: Guid(ce81f58258718ca4eb7e1caf0ec8682c) Importer(815301076,1909f56bfc062723c751e8b465ee728b)
Start importing Assets/Realistic_Furniture_And_Interior_Props_Pack/Prefabs/RFAIPP_Toilet_Paper.prefab using Guid(ce81f58258718ca4eb7e1caf0ec8682c) Importer(815301076,1909f56bfc062723c751e8b465ee728b)  -> (artifact id: 'c35b64def7c6563ce961814ca59f86f4') in 0.046745 seconds 
========================================================================
Received Import Request.
  Time since last request: 0.000022 seconds.
  path: Assets/Realistic_Furniture_And_Interior_Props_Pack/Prefabs/RFAIPP_Twist_Candlestick_2.prefab
  artifactKey: Guid(8ab5bddaaa63e6c4eae6e54e2b4cbdc2) Importer(815301076,1909f56bfc062723c751e8b465ee728b)
Start importing Assets/Realistic_Furniture_And_Interior_Props_Pack/Prefabs/RFAIPP_Twist_Candlestick_2.prefab using Guid(8ab5bddaaa63e6c4eae6e54e2b4cbdc2) Importer(815301076,1909f56bfc062723c751e8b465ee728b)  -> (artifact id: 'd2a58bdcbbf300519e5f72a301787941') in 0.070924 seconds 
========================================================================
Received Import Request.
  Time since last request: 0.000019 seconds.
  path: Assets/Realistic_Furniture_And_Interior_Props_Pack/Prefabs/RFAIPP_Toilet_Open.prefab
  artifactKey: Guid(b396c457dd4b0394195e84aa735070aa) Importer(815301076,1909f56bfc062723c751e8b465ee728b)
Start importing Assets/Realistic_Furniture_And_Interior_Props_Pack/Prefabs/RFAIPP_Toilet_Open.prefab using Guid(b396c457dd4b0394195e84aa735070aa) Importer(815301076,1909f56bfc062723c751e8b465ee728b)  -> (artifact id: '91e1a05aad9e15b3b2d11c2acb3f370b') in 0.049001 seconds 
========================================================================
Received Import Request.
  Time since last request: 0.000022 seconds.
  path: Assets/Realistic_Furniture_And_Interior_Props_Pack/Prefabs/RFAIPP_Twist_Candlestick_5.prefab
  artifactKey: Guid(35adc4c38b292794da4d30f9edd476dd) Importer(815301076,1909f56bfc062723c751e8b465ee728b)
Start importing Assets/Realistic_Furniture_And_Interior_Props_Pack/Prefabs/RFAIPP_Twist_Candlestick_5.prefab using Guid(35adc4c38b292794da4d30f9edd476dd) Importer(815301076,1909f56bfc062723c751e8b465ee728b)  -> (artifact id: '09f74c495f8778d89512e4463e0ab79e') in 0.060726 seconds 
========================================================================
Received Import Request.
  Time since last request: 0.000045 seconds.
  path: Assets/Realistic_Furniture_And_Interior_Props_Pack/Prefabs/RFAIPP_Toilet_Closed.prefab
  artifactKey: Guid(b1c29756dcdab7a42ad433895228a686) Importer(815301076,1909f56bfc062723c751e8b465ee728b)
Start importing Assets/Realistic_Furniture_And_Interior_Props_Pack/Prefabs/RFAIPP_Toilet_Closed.prefab using Guid(b1c29756dcdab7a42ad433895228a686) Importer(815301076,1909f56bfc062723c751e8b465ee728b)  -> (artifact id: '95066c3136a9e4391069c1bbea647e3a') in 0.035669 seconds 
========================================================================
Received Import Request.
  Time since last request: 0.000043 seconds.
  path: Assets/Realistic_Furniture_And_Interior_Props_Pack/Prefabs/RFAIPP_TV.prefab
  artifactKey: Guid(76657ee725480b74dbefed1f4a6d2a62) Importer(815301076,1909f56bfc062723c751e8b465ee728b)
Start importing Assets/Realistic_Furniture_And_Interior_Props_Pack/Prefabs/RFAIPP_TV.prefab using Guid(76657ee725480b74dbefed1f4a6d2a62) Importer(815301076,1909f56bfc062723c751e8b465ee728b)  -> (artifact id: '1dda078e57529796394f0f5b83e7c0e2') in 0.068097 seconds 
========================================================================
Received Import Request.
  Time since last request: 0.000023 seconds.
  path: Assets/Realistic_Furniture_And_Interior_Props_Pack/Prefabs/RFAIPP_Shower_2.prefab
  artifactKey: Guid(1906213e749fefb4ebea8c388ae05b25) Importer(815301076,1909f56bfc062723c751e8b465ee728b)
Start importing Assets/Realistic_Furniture_And_Interior_Props_Pack/Prefabs/RFAIPP_Shower_2.prefab using Guid(1906213e749fefb4ebea8c388ae05b25) Importer(815301076,1909f56bfc062723c751e8b465ee728b)  -> (artifact id: '53204e4fbd8709e136587aa71cdbb59b') in 0.045183 seconds 
========================================================================
Received Import Request.
  Time since last request: 0.000023 seconds.
  path: Assets/Realistic_Furniture_And_Interior_Props_Pack/Prefabs/RFAIPP_Sconce_2.prefab
  artifactKey: Guid(a682cb398822fc64ea3c836f58421a01) Importer(815301076,1909f56bfc062723c751e8b465ee728b)
Start importing Assets/Realistic_Furniture_And_Interior_Props_Pack/Prefabs/RFAIPP_Sconce_2.prefab using Guid(a682cb398822fc64ea3c836f58421a01) Importer(815301076,1909f56bfc062723c751e8b465ee728b)  -> (artifact id: '0b5d1356d1fa64d5d8df5eb70e9a1df7') in 0.045552 seconds 
========================================================================
Received Import Request.
  Time since last request: 0.000023 seconds.
  path: Assets/Realistic_Furniture_And_Interior_Props_Pack/Prefabs/RFAIPP_Sculpture.prefab
  artifactKey: Guid(e3d34be79692ce4468812aa97bacfbdf) Importer(815301076,1909f56bfc062723c751e8b465ee728b)
Start importing Assets/Realistic_Furniture_And_Interior_Props_Pack/Prefabs/RFAIPP_Sculpture.prefab using Guid(e3d34be79692ce4468812aa97bacfbdf) Importer(815301076,1909f56bfc062723c751e8b465ee728b)  -> (artifact id: 'a14c79d1d1edaffbef6d2648d30518e8') in 0.073624 seconds 
========================================================================
Received Import Request.
  Time since last request: 2.268849 seconds.
  path: Assets/Realistic_Furniture_And_Interior_Props_Pack/Materials/RFAIPP_Kitchen_Table_3.mat
  artifactKey: Guid(9b8b35135893bc84f867a5c2a2c6a7d9) Importer(815301076,1909f56bfc062723c751e8b465ee728b)
Start importing Assets/Realistic_Furniture_And_Interior_Props_Pack/Materials/RFAIPP_Kitchen_Table_3.mat using Guid(9b8b35135893bc84f867a5c2a2c6a7d9) Importer(815301076,1909f56bfc062723c751e8b465ee728b)  -> (artifact id: 'ad4284948945fdf1b5ca457a08487eaa') in 0.075050 seconds 
========================================================================
Received Import Request.
  Time since last request: 0.000027 seconds.
  path: Assets/Realistic_Furniture_And_Interior_Props_Pack/Materials/RFAIPP_Office_Armchair_2.mat
  artifactKey: Guid(a64563a31335dc847b8f361809421da4) Importer(815301076,1909f56bfc062723c751e8b465ee728b)
Start importing Assets/Realistic_Furniture_And_Interior_Props_Pack/Materials/RFAIPP_Office_Armchair_2.mat using Guid(a64563a31335dc847b8f361809421da4) Importer(815301076,1909f56bfc062723c751e8b465ee728b)  -> (artifact id: '278d2e7e5813c23f6990631d402ee5fa') in 0.068336 seconds 
========================================================================
Received Import Request.
  Time since last request: 0.000031 seconds.
  path: Assets/Realistic_Furniture_And_Interior_Props_Pack/Materials/RFAIPP_Lamp.mat
  artifactKey: Guid(17692f0fc2e07b845939e0cd1619bf06) Importer(815301076,1909f56bfc062723c751e8b465ee728b)
Start importing Assets/Realistic_Furniture_And_Interior_Props_Pack/Materials/RFAIPP_Lamp.mat using Guid(17692f0fc2e07b845939e0cd1619bf06) Importer(815301076,1909f56bfc062723c751e8b465ee728b)  -> (artifact id: '4dbe202f39ecf1cf1d6b87f906a89a17') in 0.032037 seconds 
========================================================================
Received Import Request.
  Time since last request: 0.000025 seconds.
  path: Assets/Realistic_Furniture_And_Interior_Props_Pack/Materials/RFAIPP_Shower_2.mat
  artifactKey: Guid(e96f4c809a3a8b14fb291ec5cc22a9c3) Importer(815301076,1909f56bfc062723c751e8b465ee728b)
Start importing Assets/Realistic_Furniture_And_Interior_Props_Pack/Materials/RFAIPP_Shower_2.mat using Guid(e96f4c809a3a8b14fb291ec5cc22a9c3) Importer(815301076,1909f56bfc062723c751e8b465ee728b)  -> (artifact id: 'f2600461a62a05d54bbe6a29e26b5eaf') in 0.034920 seconds 
========================================================================
Received Import Request.
  Time since last request: 0.000024 seconds.
  path: Assets/Realistic_Furniture_And_Interior_Props_Pack/Materials/RFAIPP_Mirror_3.mat
  artifactKey: Guid(516037379d188d54d95f52cb966add1b) Importer(815301076,1909f56bfc062723c751e8b465ee728b)
Start importing Assets/Realistic_Furniture_And_Interior_Props_Pack/Materials/RFAIPP_Mirror_3.mat using Guid(516037379d188d54d95f52cb966add1b) Importer(815301076,1909f56bfc062723c751e8b465ee728b)  -> (artifact id: '5f8050230d594a5deafae092b676015f') in 0.062240 seconds 
========================================================================
Received Import Request.
  Time since last request: 0.000059 seconds.
  path: Assets/Realistic_Furniture_And_Interior_Props_Pack/Materials/RFAIPP_Pouf.mat
  artifactKey: Guid(13d04d0d3ab33d448acfe1ed86af3b7b) Importer(815301076,1909f56bfc062723c751e8b465ee728b)
Start importing Assets/Realistic_Furniture_And_Interior_Props_Pack/Materials/RFAIPP_Pouf.mat using Guid(13d04d0d3ab33d448acfe1ed86af3b7b) Importer(815301076,1909f56bfc062723c751e8b465ee728b)  -> (artifact id: '12ccfe52eb5fb47ff55da8c2802358a9') in 0.053632 seconds 
========================================================================
Received Import Request.
  Time since last request: 0.000053 seconds.
  path: Assets/Realistic_Furniture_And_Interior_Props_Pack/Materials/RFAIPP_Office_Armchair_1.mat
  artifactKey: Guid(c51e0041dc79f854c86d08144c2ff6e6) Importer(815301076,1909f56bfc062723c751e8b465ee728b)
Start importing Assets/Realistic_Furniture_And_Interior_Props_Pack/Materials/RFAIPP_Office_Armchair_1.mat using Guid(c51e0041dc79f854c86d08144c2ff6e6) Importer(815301076,1909f56bfc062723c751e8b465ee728b)  -> (artifact id: 'b38dc461c55220626b74113090b02508') in 0.064071 seconds 
========================================================================
Received Import Request.
  Time since last request: 0.000053 seconds.
  path: Assets/Realistic_Furniture_And_Interior_Props_Pack/Materials/RFAIPP_Stand.mat
  artifactKey: Guid(13eef29f241b9ec4a8109c197186a5b6) Importer(815301076,1909f56bfc062723c751e8b465ee728b)
Start importing Assets/Realistic_Furniture_And_Interior_Props_Pack/Materials/RFAIPP_Stand.mat using Guid(13eef29f241b9ec4a8109c197186a5b6) Importer(815301076,1909f56bfc062723c751e8b465ee728b)  -> (artifact id: 'ae12d8aa2cd39459e77e13e036aec4b8') in 0.088588 seconds 
========================================================================
Received Import Request.
  Time since last request: 0.000036 seconds.
  path: Assets/Realistic_Furniture_And_Interior_Props_Pack/Materials/RFAIPP_Sofa_1.mat
  artifactKey: Guid(72ec9424c72c8224c9e1d196a3b9bd94) Importer(815301076,1909f56bfc062723c751e8b465ee728b)
Start importing Assets/Realistic_Furniture_And_Interior_Props_Pack/Materials/RFAIPP_Sofa_1.mat using Guid(72ec9424c72c8224c9e1d196a3b9bd94) Importer(815301076,1909f56bfc062723c751e8b465ee728b)  -> (artifact id: '930d222f1b2b7ef14f3cab06374cf7e7') in 0.068438 seconds 
========================================================================
Received Import Request.
  Time since last request: 0.000028 seconds.
  path: Assets/Realistic_Furniture_And_Interior_Props_Pack/Materials/RFAIPP_Modular_Bench.mat
  artifactKey: Guid(44e6d597bd2b5684fb795ce12dfb2f53) Importer(815301076,1909f56bfc062723c751e8b465ee728b)
Start importing Assets/Realistic_Furniture_And_Interior_Props_Pack/Materials/RFAIPP_Modular_Bench.mat using Guid(44e6d597bd2b5684fb795ce12dfb2f53) Importer(815301076,1909f56bfc062723c751e8b465ee728b)  -> (artifact id: 'da5c116afa7640444eb7840a0540967d') in 0.076349 seconds 
========================================================================
Received Import Request.
  Time since last request: 0.000031 seconds.
  path: Assets/Realistic_Furniture_And_Interior_Props_Pack/Materials/RFAIPP_Modular_Sofa.mat
  artifactKey: Guid(f56b51b392810f4499d44ed9a1d622b9) Importer(815301076,1909f56bfc062723c751e8b465ee728b)
Start importing Assets/Realistic_Furniture_And_Interior_Props_Pack/Materials/RFAIPP_Modular_Sofa.mat using Guid(f56b51b392810f4499d44ed9a1d622b9) Importer(815301076,1909f56bfc062723c751e8b465ee728b)  -> (artifact id: '2e4b2305370f38dc03fd739f2dc98486') in 0.090534 seconds 
========================================================================
Received Import Request.
  Time since last request: 0.000048 seconds.
  path: Assets/Realistic_Furniture_And_Interior_Props_Pack/Materials/RFAIPP_Towel_Dryer_1.mat
  artifactKey: Guid(b504e21a39badbd45a923657f847db67) Importer(815301076,1909f56bfc062723c751e8b465ee728b)
Start importing Assets/Realistic_Furniture_And_Interior_Props_Pack/Materials/RFAIPP_Towel_Dryer_1.mat using Guid(b504e21a39badbd45a923657f847db67) Importer(815301076,1909f56bfc062723c751e8b465ee728b)  -> (artifact id: 'ca581794b34d2d5098dc92832a3e21a8') in 0.058951 seconds 
========================================================================
Received Import Request.
  Time since last request: 0.000029 seconds.
  path: Assets/Realistic_Furniture_And_Interior_Props_Pack/Materials/RFAIPP_Tub.mat
  artifactKey: Guid(457d29d40177b20479b2ef347ff57164) Importer(815301076,1909f56bfc062723c751e8b465ee728b)
Start importing Assets/Realistic_Furniture_And_Interior_Props_Pack/Materials/RFAIPP_Tub.mat using Guid(457d29d40177b20479b2ef347ff57164) Importer(815301076,1909f56bfc062723c751e8b465ee728b)  -> (artifact id: '9187ce5275776bba90d27caa677f221a') in 0.066020 seconds 
========================================================================
Received Import Request.
  Time since last request: 0.000101 seconds.
  path: Assets/Realistic_Furniture_And_Interior_Props_Pack/Materials/RFAIPP_Toilet_Paper.mat
  artifactKey: Guid(e29ccc813da17504ab6ad103d363c6ad) Importer(815301076,1909f56bfc062723c751e8b465ee728b)
Start importing Assets/Realistic_Furniture_And_Interior_Props_Pack/Materials/RFAIPP_Toilet_Paper.mat using Guid(e29ccc813da17504ab6ad103d363c6ad) Importer(815301076,1909f56bfc062723c751e8b465ee728b)  -> (artifact id: '378603c16e908a8d25647715a213b8fc') in 0.033561 seconds 
========================================================================
Received Import Request.
  Time since last request: 0.000024 seconds.
  path: Assets/Realistic_Furniture_And_Interior_Props_Pack/Materials/RFAIPP_Mirror_2.mat
  artifactKey: Guid(df24673056421b14494a049990ec4659) Importer(815301076,1909f56bfc062723c751e8b465ee728b)
Start importing Assets/Realistic_Furniture_And_Interior_Props_Pack/Materials/RFAIPP_Mirror_2.mat using Guid(df24673056421b14494a049990ec4659) Importer(815301076,1909f56bfc062723c751e8b465ee728b)  -> (artifact id: 'ea01e93d17173e267e39c9c1cbae099a') in 0.066166 seconds 
========================================================================
Received Import Request.
  Time since last request: 0.000041 seconds.
  path: Assets/Realistic_Furniture_And_Interior_Props_Pack/Materials/RFAIPP_TV.mat
  artifactKey: Guid(2410a924a6ad0874b8f02b212c2ed377) Importer(815301076,1909f56bfc062723c751e8b465ee728b)
Start importing Assets/Realistic_Furniture_And_Interior_Props_Pack/Materials/RFAIPP_TV.mat using Guid(2410a924a6ad0874b8f02b212c2ed377) Importer(815301076,1909f56bfc062723c751e8b465ee728b)  -> (artifact id: '49e50a878b42bd4e11ebe0aac964379c') in 0.060086 seconds 
========================================================================
Received Import Request.
  Time since last request: 0.000041 seconds.
  path: Assets/Realistic_Furniture_And_Interior_Props_Pack/Materials/RFAIPP_Towel_Dryer_2.mat
  artifactKey: Guid(d4840137d78d4bb4cb92bc67a6326686) Importer(815301076,1909f56bfc062723c751e8b465ee728b)
Start importing Assets/Realistic_Furniture_And_Interior_Props_Pack/Materials/RFAIPP_Towel_Dryer_2.mat using Guid(d4840137d78d4bb4cb92bc67a6326686) Importer(815301076,1909f56bfc062723c751e8b465ee728b)  -> (artifact id: '56b070190552e0a1bbdc64d2e3dcc2a0') in 0.063248 seconds 
========================================================================
Received Prepare
Registering precompiled user dll's ...
Registered in 0.008041 seconds.
Begin MonoManager ReloadAssembly
Native extension for LinuxStandalone target not found
Native extension for WindowsStandalone target not found
Native extension for Android target not found
Native extension for WebGL target not found
Refreshing native plugins compatible for Editor in 1.32 ms, found 2 plugins.
Preloading 0 native plugins for Editor in 0.00 ms.
Warning: Annotation not found!
UnityEngine.StackTraceUtility:ExtractStackTrace ()
UnityEditor.ProBuilder.EditorUtility:SetGizmoIconEnabled (System.Type,bool) (at Library/PackageCache/com.unity.probuilder@5.0.3/Editor/EditorCore/EditorUtility.cs:575)
UnityEditor.ProBuilder.HierarchyListener:.cctor () (at Library/PackageCache/com.unity.probuilder@5.0.3/Editor/EditorCore/HierarchyListener.cs:21)
System.Runtime.CompilerServices.RuntimeHelpers:RunClassConstructor (System.RuntimeTypeHandle)
UnityEditor.EditorAssemblies:ProcessInitializeOnLoadAttributes (System.Type[])

[Library/PackageCache/com.unity.probuilder@5.0.3/Editor/EditorCore/EditorUtility.cs line 575]

Mono: successfully reloaded assembly
- Completed reload, in  2.252 seconds
Domain Reload Profiling:
	ReloadAssembly (2253ms)
		BeginReloadAssembly (325ms)
			ExecutionOrderSort (0ms)
			DisableScriptedObjects (12ms)
			BackupInstance (0ms)
			ReleaseScriptingObjects (0ms)
			CreateAndSetChildDomain (91ms)
		EndReloadAssembly (1680ms)
			LoadAssemblies (230ms)
			RebuildTransferFunctionScriptingTraits (0ms)
			SetupTypeCache (425ms)
			ReleaseScriptCaches (1ms)
			RebuildScriptCaches (63ms)
			SetupLoadedEditorAssemblies (910ms)
				LogAssemblyErrors (0ms)
				InitializePlatformSupportModulesInManaged (55ms)
				SetLoadedEditorAssemblies (1ms)
				RefreshPlugins (1ms)
				BeforeProcessingInitializeOnLoad (188ms)
				ProcessInitializeOnLoadAttributes (409ms)
				ProcessInitializeOnLoadMethodAttributes (236ms)
				AfterProcessingInitializeOnLoad (19ms)
				EditorAssembliesLoaded (0ms)
			ExecutionOrderSort2 (0ms)
			AwakeInstancesAfterBackupRestoration (12ms)
Platform modules already initialized, skipping
Refreshing native plugins compatible for Editor in 11.32 ms, found 2 plugins.
Preloading 0 native plugins for Editor in 0.00 ms.
Unloading 3272 Unused Serialized files (Serialized files now loaded: 0)
Unloading 52 unused Assets / (98.0 KB). Loaded Objects now: 3804.
Memory consumption went from 130.4 MB to 130.3 MB.
Total: 9.638900 ms (FindLiveObjects: 0.329800 ms CreateObjectMapping: 0.235300 ms MarkObjects: 8.927800 ms  DeleteObjects: 0.144400 ms)

AssetImportParameters requested are different than current active one (requested -> active):
  custom:video-decoder-ogg-theora: a1e56fd34408186e4bbccfd4996cb3dc -> 
  custom:container-muxer-webm: aa71ff27fc2769a1b78a27578f13a17b -> 
  custom:container-demuxer-webm: 4f35f7cbe854078d1ac9338744f61a02 -> 
  custom:video-encoder-webm-vp8: eb34c28f22e8b96e1ab97ce403110664 -> 
  custom:video-codec-MediaFoundation-h265: 746d11721c4dcdbdad8f713fa42b33f4 -> 
  custom:audio-encoder-webm-vorbis: bf7c407c2cedff20999df2af8eb42d56 -> 
  custom:framework-win-MediaFoundation: 216162199b28c13a410421893ffa2e32 -> 
  custom:container-demuxer-ogg: 62fdf1f143b41e24485cea50d1cbac27 -> 
  custom:video-decoder-webm-vp8: 9c59270c3fd7afecdb556c50c9e8de78 -> 
  custom:audio-decoder-ogg-vorbis: bf7c407c2cedff20999df2af8eb42d56 -> 
========================================================================
Received Prepare
Registering precompiled user dll's ...
Registered in 0.007206 seconds.
Begin MonoManager ReloadAssembly
Native extension for LinuxStandalone target not found
Native extension for WindowsStandalone target not found
Native extension for Android target not found
Native extension for WebGL target not found
Refreshing native plugins compatible for Editor in 1.16 ms, found 2 plugins.
Preloading 0 native plugins for Editor in 0.00 ms.
Warning: Annotation not found!
UnityEngine.StackTraceUtility:ExtractStackTrace ()
UnityEditor.ProBuilder.EditorUtility:SetGizmoIconEnabled (System.Type,bool) (at Library/PackageCache/com.unity.probuilder@5.0.3/Editor/EditorCore/EditorUtility.cs:575)
UnityEditor.ProBuilder.HierarchyListener:.cctor () (at Library/PackageCache/com.unity.probuilder@5.0.3/Editor/EditorCore/HierarchyListener.cs:21)
System.Runtime.CompilerServices.RuntimeHelpers:RunClassConstructor (System.RuntimeTypeHandle)
UnityEditor.EditorAssemblies:ProcessInitializeOnLoadAttributes (System.Type[])

[Library/PackageCache/com.unity.probuilder@5.0.3/Editor/EditorCore/EditorUtility.cs line 575]

Mono: successfully reloaded assembly
- Completed reload, in  1.302 seconds
Domain Reload Profiling:
	ReloadAssembly (1303ms)
		BeginReloadAssembly (175ms)
			ExecutionOrderSort (0ms)
			DisableScriptedObjects (10ms)
			BackupInstance (0ms)
			ReleaseScriptingObjects (0ms)
			CreateAndSetChildDomain (42ms)
		EndReloadAssembly (1012ms)
			LoadAssemblies (107ms)
			RebuildTransferFunctionScriptingTraits (0ms)
			SetupTypeCache (222ms)
			ReleaseScriptCaches (2ms)
			RebuildScriptCaches (46ms)
			SetupLoadedEditorAssemblies (583ms)
				LogAssemblyErrors (0ms)
				InitializePlatformSupportModulesInManaged (35ms)
				SetLoadedEditorAssemblies (0ms)
				RefreshPlugins (1ms)
				BeforeProcessingInitializeOnLoad (97ms)
				ProcessInitializeOnLoadAttributes (268ms)
				ProcessInitializeOnLoadMethodAttributes (170ms)
				AfterProcessingInitializeOnLoad (11ms)
				EditorAssembliesLoaded (0ms)
			ExecutionOrderSort2 (0ms)
			AwakeInstancesAfterBackupRestoration (9ms)
Platform modules already initialized, skipping
Refreshing native plugins compatible for Editor in 7.57 ms, found 2 plugins.
Preloading 0 native plugins for Editor in 0.00 ms.
Unloading 3272 Unused Serialized files (Serialized files now loaded: 0)
Unloading 52 unused Assets / (97.9 KB). Loaded Objects now: 3808.
Memory consumption went from 130.4 MB to 130.3 MB.
Total: 7.514100 ms (FindLiveObjects: 0.326400 ms CreateObjectMapping: 0.247500 ms MarkObjects: 6.735200 ms  DeleteObjects: 0.203700 ms)

AssetImportParameters requested are different than current active one (requested -> active):
  custom:video-decoder-ogg-theora: a1e56fd34408186e4bbccfd4996cb3dc -> 
  custom:container-muxer-webm: aa71ff27fc2769a1b78a27578f13a17b -> 
  custom:container-demuxer-webm: 4f35f7cbe854078d1ac9338744f61a02 -> 
  custom:video-encoder-webm-vp8: eb34c28f22e8b96e1ab97ce403110664 -> 
  custom:video-codec-MediaFoundation-h265: 746d11721c4dcdbdad8f713fa42b33f4 -> 
  custom:audio-encoder-webm-vorbis: bf7c407c2cedff20999df2af8eb42d56 -> 
  custom:framework-win-MediaFoundation: 216162199b28c13a410421893ffa2e32 -> 
  custom:container-demuxer-ogg: 62fdf1f143b41e24485cea50d1cbac27 -> 
  custom:video-decoder-webm-vp8: 9c59270c3fd7afecdb556c50c9e8de78 -> 
  custom:audio-decoder-ogg-vorbis: bf7c407c2cedff20999df2af8eb42d56 -> 
========================================================================
Received Prepare
Refreshing native plugins compatible for Editor in 21.13 ms, found 2 plugins.
Preloading 0 native plugins for Editor in 0.00 ms.
Unloading 52 Unused Serialized files (Serialized files now loaded: 0)
Unloading 51 unused Assets / (85.7 KB). Loaded Objects now: 3809.
Memory consumption went from 64.6 MB to 64.5 MB.
Total: 10.243900 ms (FindLiveObjects: 0.366600 ms CreateObjectMapping: 0.369200 ms MarkObjects: 9.338800 ms  DeleteObjects: 0.167600 ms)

AssetImportParameters requested are different than current active one (requested -> active):
  custom:video-decoder-ogg-theora: a1e56fd34408186e4bbccfd4996cb3dc -> 
  custom:container-muxer-webm: aa71ff27fc2769a1b78a27578f13a17b -> 
  custom:container-demuxer-webm: 4f35f7cbe854078d1ac9338744f61a02 -> 
  custom:video-encoder-webm-vp8: eb34c28f22e8b96e1ab97ce403110664 -> 
  custom:video-codec-MediaFoundation-h265: 746d11721c4dcdbdad8f713fa42b33f4 -> 
  custom:audio-encoder-webm-vorbis: bf7c407c2cedff20999df2af8eb42d56 -> 
  custom:framework-win-MediaFoundation: 216162199b28c13a410421893ffa2e32 -> 
  custom:container-demuxer-ogg: 62fdf1f143b41e24485cea50d1cbac27 -> 
  custom:video-decoder-webm-vp8: 9c59270c3fd7afecdb556c50c9e8de78 -> 
  custom:audio-decoder-ogg-vorbis: bf7c407c2cedff20999df2af8eb42d56 -> 
========================================================================
Received Import Request.
  Time since last request: 1441.225165 seconds.
  path: Assets/Realistic_Furniture_And_Interior_Props_Pack/Materials/RFAIPP_Armchair_1.mat
  artifactKey: Guid(c3f160550813fa64e9c55e2020b2c59b) Importer(815301076,1909f56bfc062723c751e8b465ee728b)
Start importing Assets/Realistic_Furniture_And_Interior_Props_Pack/Materials/RFAIPP_Armchair_1.mat using Guid(c3f160550813fa64e9c55e2020b2c59b) Importer(815301076,1909f56bfc062723c751e8b465ee728b)  -> (artifact id: '67b67027156d38ecd2c879fa10a47066') in 0.199129 seconds 
========================================================================
Received Import Request.
  Time since last request: 0.000026 seconds.
  path: Assets/Realistic_Furniture_And_Interior_Props_Pack/Materials/RFAIPP_Chair_2.mat
  artifactKey: Guid(eaae81e8de694ed4190ceac8de1dd8e7) Importer(815301076,1909f56bfc062723c751e8b465ee728b)
Start importing Assets/Realistic_Furniture_And_Interior_Props_Pack/Materials/RFAIPP_Chair_2.mat using Guid(eaae81e8de694ed4190ceac8de1dd8e7) Importer(815301076,1909f56bfc062723c751e8b465ee728b)  -> (artifact id: 'd3c51ac328e3c06470c8a26b25ba5b5a') in 0.066350 seconds 
========================================================================
Received Import Request.
  Time since last request: 0.000036 seconds.
  path: Assets/Realistic_Furniture_And_Interior_Props_Pack/Materials/RFAIPP_Chair_5.mat
  artifactKey: Guid(74d3eb3c95cdf1f48abfda4f64a1b700) Importer(815301076,1909f56bfc062723c751e8b465ee728b)
Start importing Assets/Realistic_Furniture_And_Interior_Props_Pack/Materials/RFAIPP_Chair_5.mat using Guid(74d3eb3c95cdf1f48abfda4f64a1b700) Importer(815301076,1909f56bfc062723c751e8b465ee728b)  -> (artifact id: '81cceb9f3c10491d52d504e299cf097f') in 0.067443 seconds 
========================================================================
Received Import Request.
  Time since last request: 0.000029 seconds.
  path: Assets/Realistic_Furniture_And_Interior_Props_Pack/Materials/RFAIPP_Armchair_2.mat
  artifactKey: Guid(0c2b269c4969a25429b285ff234cd8bb) Importer(815301076,1909f56bfc062723c751e8b465ee728b)
Start importing Assets/Realistic_Furniture_And_Interior_Props_Pack/Materials/RFAIPP_Armchair_2.mat using Guid(0c2b269c4969a25429b285ff234cd8bb) Importer(815301076,1909f56bfc062723c751e8b465ee728b)  -> (artifact id: '267c486341be5045d380aca602b40484') in 0.084629 seconds 
========================================================================
Received Import Request.
  Time since last request: 0.000022 seconds.
  path: Assets/Realistic_Furniture_And_Interior_Props_Pack/Materials/RFAIPP_Chandelier_7.mat
  artifactKey: Guid(4ae6635aa4eb5204cb4bd6352d4e84df) Importer(815301076,1909f56bfc062723c751e8b465ee728b)
Start importing Assets/Realistic_Furniture_And_Interior_Props_Pack/Materials/RFAIPP_Chandelier_7.mat using Guid(4ae6635aa4eb5204cb4bd6352d4e84df) Importer(815301076,1909f56bfc062723c751e8b465ee728b)  -> (artifact id: '7862649543e79c5a6fe096518d7a6294') in 0.065575 seconds 
========================================================================
Received Import Request.
  Time since last request: 0.000036 seconds.
  path: Assets/Realistic_Furniture_And_Interior_Props_Pack/Materials/RFAIPP_Chandelier_4.mat
  artifactKey: Guid(56c2364cbae33154a95927c09f207463) Importer(815301076,1909f56bfc062723c751e8b465ee728b)
Start importing Assets/Realistic_Furniture_And_Interior_Props_Pack/Materials/RFAIPP_Chandelier_4.mat using Guid(56c2364cbae33154a95927c09f207463) Importer(815301076,1909f56bfc062723c751e8b465ee728b)  -> (artifact id: 'ffcf4ce52cb13d6859601361fef47af9') in 0.074095 seconds 
========================================================================
Received Import Request.
  Time since last request: 0.000033 seconds.
  path: Assets/Realistic_Furniture_And_Interior_Props_Pack/Materials/RFAIPP_Dining_Table_1.mat
  artifactKey: Guid(e09799ace05f0c549a3782610c24985a) Importer(815301076,1909f56bfc062723c751e8b465ee728b)
Start importing Assets/Realistic_Furniture_And_Interior_Props_Pack/Materials/RFAIPP_Dining_Table_1.mat using Guid(e09799ace05f0c549a3782610c24985a) Importer(815301076,1909f56bfc062723c751e8b465ee728b)  -> (artifact id: '09a72d5fc595f4ff58197f9dfa903d49') in 0.084362 seconds 
========================================================================
Received Import Request.
  Time since last request: 0.000020 seconds.
  path: Assets/Realistic_Furniture_And_Interior_Props_Pack/Materials/RFAIPP_Demo_Wall.mat
  artifactKey: Guid(3071ff7f524a6f84c838d921d1cb92f2) Importer(815301076,1909f56bfc062723c751e8b465ee728b)
Start importing Assets/Realistic_Furniture_And_Interior_Props_Pack/Materials/RFAIPP_Demo_Wall.mat using Guid(3071ff7f524a6f84c838d921d1cb92f2) Importer(815301076,1909f56bfc062723c751e8b465ee728b)  -> (artifact id: '5c795bc68fd7ce6dcfa931dbd912ad95') in 0.026743 seconds 
========================================================================
Received Import Request.
  Time since last request: 0.000041 seconds.
  path: Assets/Realistic_Furniture_And_Interior_Props_Pack/Materials/RFAIPP_Kitchen_Cabinet.mat
  artifactKey: Guid(a6d42b3142a85814a8963a28a114b6f2) Importer(815301076,1909f56bfc062723c751e8b465ee728b)
Start importing Assets/Realistic_Furniture_And_Interior_Props_Pack/Materials/RFAIPP_Kitchen_Cabinet.mat using Guid(a6d42b3142a85814a8963a28a114b6f2) Importer(815301076,1909f56bfc062723c751e8b465ee728b)  -> (artifact id: '55bf88eac0cef9997d7420cddb546396') in 0.075204 seconds 
========================================================================
Received Import Request.
  Time since last request: 0.000029 seconds.
  path: Assets/Realistic_Furniture_And_Interior_Props_Pack/Materials/RFAIPP_Kitchen_Table_1.mat
  artifactKey: Guid(29948ec1b1670db4fae036854d61308b) Importer(815301076,1909f56bfc062723c751e8b465ee728b)
Start importing Assets/Realistic_Furniture_And_Interior_Props_Pack/Materials/RFAIPP_Kitchen_Table_1.mat using Guid(29948ec1b1670db4fae036854d61308b) Importer(815301076,1909f56bfc062723c751e8b465ee728b)  -> (artifact id: '590233d077fdb95f91b7106a8cfca45e') in 0.082458 seconds 
========================================================================
Received Import Request.
  Time since last request: 0.000038 seconds.
  path: Assets/Realistic_Furniture_And_Interior_Props_Pack/Materials/RFAIPP_Bookcase_2.mat
  artifactKey: Guid(504b50f3c6250234c9f89f3459f6b263) Importer(815301076,1909f56bfc062723c751e8b465ee728b)
Start importing Assets/Realistic_Furniture_And_Interior_Props_Pack/Materials/RFAIPP_Bookcase_2.mat using Guid(504b50f3c6250234c9f89f3459f6b263) Importer(815301076,1909f56bfc062723c751e8b465ee728b)  -> (artifact id: '3b604c68ee7a1f947d5606a1ae6fbff2') in 0.062748 seconds 
========================================================================
Received Import Request.
  Time since last request: 0.000038 seconds.
  path: Assets/Realistic_Furniture_And_Interior_Props_Pack/Materials/RFAIPP_Chair_8.mat
  artifactKey: Guid(9174060f03002024b90ad2f27e18bbc9) Importer(815301076,1909f56bfc062723c751e8b465ee728b)
Start importing Assets/Realistic_Furniture_And_Interior_Props_Pack/Materials/RFAIPP_Chair_8.mat using Guid(9174060f03002024b90ad2f27e18bbc9) Importer(815301076,1909f56bfc062723c751e8b465ee728b)  -> (artifact id: '6ea8c7e67d0c5a67a670a87951cfde41') in 0.082014 seconds 
========================================================================
Received Import Request.
  Time since last request: 0.000022 seconds.
  path: Assets/Realistic_Furniture_And_Interior_Props_Pack/Materials/RFAIPP_Bed_1.mat
  artifactKey: Guid(a31b80598994f524e845ac6696ac888c) Importer(815301076,1909f56bfc062723c751e8b465ee728b)
Start importing Assets/Realistic_Furniture_And_Interior_Props_Pack/Materials/RFAIPP_Bed_1.mat using Guid(a31b80598994f524e845ac6696ac888c) Importer(815301076,1909f56bfc062723c751e8b465ee728b)  -> (artifact id: 'a4ce40a8ab7c9ce128301f2072e76c53') in 0.093929 seconds 
========================================================================
Received Import Request.
  Time since last request: 0.000025 seconds.
  path: Assets/Realistic_Furniture_And_Interior_Props_Pack/Materials/RFAIPP_Hand_Dryer.mat
  artifactKey: Guid(94a54f3a95663454d8392f09ae8fa484) Importer(815301076,1909f56bfc062723c751e8b465ee728b)
Start importing Assets/Realistic_Furniture_And_Interior_Props_Pack/Materials/RFAIPP_Hand_Dryer.mat using Guid(94a54f3a95663454d8392f09ae8fa484) Importer(815301076,1909f56bfc062723c751e8b465ee728b)  -> (artifact id: 'bb2a7960badb524f6d28735eeaf3b55e') in 0.076827 seconds 
========================================================================
Received Import Request.
  Time since last request: 0.000025 seconds.
  path: Assets/Realistic_Furniture_And_Interior_Props_Pack/Materials/RFAIPP_Chandelier_5.mat
  artifactKey: Guid(388299058aa94aa4a99a3bf1b2b7381f) Importer(815301076,1909f56bfc062723c751e8b465ee728b)
Start importing Assets/Realistic_Furniture_And_Interior_Props_Pack/Materials/RFAIPP_Chandelier_5.mat using Guid(388299058aa94aa4a99a3bf1b2b7381f) Importer(815301076,1909f56bfc062723c751e8b465ee728b)  -> (artifact id: '904adccc3e0e29d6b6201bc306ea5965') in 0.087246 seconds 
========================================================================
Received Import Request.
  Time since last request: 0.000039 seconds.
  path: Assets/Realistic_Furniture_And_Interior_Props_Pack/Materials/RFAIPP_Chair_7.mat
  artifactKey: Guid(be2621b5f5e721e4abea130519b11054) Importer(815301076,1909f56bfc062723c751e8b465ee728b)
Start importing Assets/Realistic_Furniture_And_Interior_Props_Pack/Materials/RFAIPP_Chair_7.mat using Guid(be2621b5f5e721e4abea130519b11054) Importer(815301076,1909f56bfc062723c751e8b465ee728b)  -> (artifact id: '0eb6d1347cbea1a7723fbbc96b330f8f') in 0.057313 seconds 
========================================================================
Received Import Request.
  Time since last request: 0.000034 seconds.
  path: Assets/Realistic_Furniture_And_Interior_Props_Pack/Materials/RFAIPP_Chandelier_6.mat
  artifactKey: Guid(e59985c85d05e9c4fa055831d09b837a) Importer(815301076,1909f56bfc062723c751e8b465ee728b)
Start importing Assets/Realistic_Furniture_And_Interior_Props_Pack/Materials/RFAIPP_Chandelier_6.mat using Guid(e59985c85d05e9c4fa055831d09b837a) Importer(815301076,1909f56bfc062723c751e8b465ee728b)  -> (artifact id: 'be4ba713ceb72b9898f533fb787d5c8c') in 0.062300 seconds 
========================================================================
Received Import Request.
  Time since last request: 0.000023 seconds.
  path: Assets/Realistic_Furniture_And_Interior_Props_Pack/Materials/RFAIPP_Console_2.mat
  artifactKey: Guid(21da5d25bd0cd2a4f8f46af914ee97de) Importer(815301076,1909f56bfc062723c751e8b465ee728b)
Start importing Assets/Realistic_Furniture_And_Interior_Props_Pack/Materials/RFAIPP_Console_2.mat using Guid(21da5d25bd0cd2a4f8f46af914ee97de) Importer(815301076,1909f56bfc062723c751e8b465ee728b)  -> (artifact id: '588f5f79b274fd8d45fe681a9e9fd6ee') in 0.083980 seconds 
========================================================================
Received Import Request.
  Time since last request: 0.000048 seconds.
  path: Assets/Realistic_Furniture_And_Interior_Props_Pack/Materials/RFAIPP_Console_3.mat
  artifactKey: Guid(0e9c364282d0acd43820aa70aee4169c) Importer(815301076,1909f56bfc062723c751e8b465ee728b)
Start importing Assets/Realistic_Furniture_And_Interior_Props_Pack/Materials/RFAIPP_Console_3.mat using Guid(0e9c364282d0acd43820aa70aee4169c) Importer(815301076,1909f56bfc062723c751e8b465ee728b)  -> (artifact id: 'd58cc1ee3744c7d513cf7a1b453b7875') in 0.071266 seconds 
========================================================================
Received Import Request.
  Time since last request: 0.000051 seconds.
  path: Assets/Realistic_Furniture_And_Interior_Props_Pack/Materials/RFAIPP_Armchair_4.mat
  artifactKey: Guid(136a77126fae09142b6804026dbce38f) Importer(815301076,1909f56bfc062723c751e8b465ee728b)
Start importing Assets/Realistic_Furniture_And_Interior_Props_Pack/Materials/RFAIPP_Armchair_4.mat using Guid(136a77126fae09142b6804026dbce38f) Importer(815301076,1909f56bfc062723c751e8b465ee728b)  -> (artifact id: '1531af2d959db3ea4351ffb37813f826') in 0.084705 seconds 
========================================================================
Received Import Request.
  Time since last request: 0.000021 seconds.
  path: Assets/Realistic_Furniture_And_Interior_Props_Pack/Materials/RFAIPP_Gas_Stove.mat
  artifactKey: Guid(9d082769b4d543e4f87f2b00c3a65075) Importer(815301076,1909f56bfc062723c751e8b465ee728b)
Start importing Assets/Realistic_Furniture_And_Interior_Props_Pack/Materials/RFAIPP_Gas_Stove.mat using Guid(9d082769b4d543e4f87f2b00c3a65075) Importer(815301076,1909f56bfc062723c751e8b465ee728b)  -> (artifact id: '70a1d097cc43e16b48bbd225b47901c3') in 0.075213 seconds 
========================================================================
Received Import Request.
  Time since last request: 0.000030 seconds.
  path: Assets/Realistic_Furniture_And_Interior_Props_Pack/Materials/RFAIPP_Dining_Table_2.mat
  artifactKey: Guid(f89317f2ad3abe249981727a559d0623) Importer(815301076,1909f56bfc062723c751e8b465ee728b)
Start importing Assets/Realistic_Furniture_And_Interior_Props_Pack/Materials/RFAIPP_Dining_Table_2.mat using Guid(f89317f2ad3abe249981727a559d0623) Importer(815301076,1909f56bfc062723c751e8b465ee728b)  -> (artifact id: '48f3c1de6956093f2eb7072f2792fe69') in 0.097450 seconds 
========================================================================
Received Import Request.
  Time since last request: 0.000034 seconds.
  path: Assets/Realistic_Furniture_And_Interior_Props_Pack/Materials/RFAIPP_Console_1.mat
  artifactKey: Guid(72fe18e6b5db76049916d6895675f1c7) Importer(815301076,1909f56bfc062723c751e8b465ee728b)
Start importing Assets/Realistic_Furniture_And_Interior_Props_Pack/Materials/RFAIPP_Console_1.mat using Guid(72fe18e6b5db76049916d6895675f1c7) Importer(815301076,1909f56bfc062723c751e8b465ee728b)  -> (artifact id: '9ca4d3e1ed799a4c66502451e7474419') in 0.088389 seconds 
========================================================================
Received Import Request.
  Time since last request: 0.000097 seconds.
  path: Assets/Realistic_Furniture_And_Interior_Props_Pack/Materials/RFAIPP_Chair_4.mat
  artifactKey: Guid(9a423c86fe06aa242a2b084ebe93459a) Importer(815301076,1909f56bfc062723c751e8b465ee728b)
Start importing Assets/Realistic_Furniture_And_Interior_Props_Pack/Materials/RFAIPP_Chair_4.mat using Guid(9a423c86fe06aa242a2b084ebe93459a) Importer(815301076,1909f56bfc062723c751e8b465ee728b)  -> (artifact id: 'ce6cb4347b1d770c34a591e39497a9c1') in 0.068919 seconds 
========================================================================
Received Import Request.
  Time since last request: 0.000020 seconds.
  path: Assets/Realistic_Furniture_And_Interior_Props_Pack/Materials/RFAIPP_Chandelier_2.mat
  artifactKey: Guid(d37c1d76220668b4ab232d92d92750e3) Importer(815301076,1909f56bfc062723c751e8b465ee728b)
Start importing Assets/Realistic_Furniture_And_Interior_Props_Pack/Materials/RFAIPP_Chandelier_2.mat using Guid(d37c1d76220668b4ab232d92d92750e3) Importer(815301076,1909f56bfc062723c751e8b465ee728b)  -> (artifact id: 'b0217f5b7dbeb6952a67899ad8980f6a') in 0.085681 seconds 
========================================================================
Received Prepare
Refreshing native plugins compatible for Editor in 28.98 ms, found 2 plugins.
Preloading 0 native plugins for Editor in 0.00 ms.
Unloading 51 Unused Serialized files (Serialized files now loaded: 0)
Unloading 51 unused Assets / (85.5 KB). Loaded Objects now: 3810.
Memory consumption went from 64.6 MB to 64.6 MB.
Total: 18.703300 ms (FindLiveObjects: 1.045900 ms CreateObjectMapping: 0.474600 ms MarkObjects: 16.980300 ms  DeleteObjects: 0.200500 ms)

AssetImportParameters requested are different than current active one (requested -> active):
  custom:video-decoder-ogg-theora: a1e56fd34408186e4bbccfd4996cb3dc -> 
  custom:container-muxer-webm: aa71ff27fc2769a1b78a27578f13a17b -> 
  custom:container-demuxer-webm: 4f35f7cbe854078d1ac9338744f61a02 -> 
  custom:video-encoder-webm-vp8: eb34c28f22e8b96e1ab97ce403110664 -> 
  custom:video-codec-MediaFoundation-h265: 746d11721c4dcdbdad8f713fa42b33f4 -> 
  custom:audio-encoder-webm-vorbis: bf7c407c2cedff20999df2af8eb42d56 -> 
  custom:framework-win-MediaFoundation: 216162199b28c13a410421893ffa2e32 -> 
  custom:container-demuxer-ogg: 62fdf1f143b41e24485cea50d1cbac27 -> 
  custom:video-decoder-webm-vp8: 9c59270c3fd7afecdb556c50c9e8de78 -> 
  custom:audio-decoder-ogg-vorbis: bf7c407c2cedff20999df2af8eb42d56 -> 
