Using pre-set license
Built from '2021.3/staging' branch; Version is '2021.3.11f1 (0a5ca18544bf) revision 679073'; Using compiler version '192829333'; Build Type 'Release'
OS: 'Windows 11  (10.0.22621) 64bit CoreSingleLanguage' Language: 'pt' Physical Memory: 12202 MB
BatchMode: 1, IsHumanControllingUs: 0, StartBugReporterOnCrash: 0, Is64bit: 1, IsPro: 1

COMMAND LINE ARGUMENTS:
C:\Program Files\Unity\Hub\Editor\2021.3.11f1\Editor\Unity.exe
-adb2
-batchMode
-noUpm
-name
AssetImportWorker3
-projectPath
C:/Users/mathe/OneDrive/Documentos/Projetos de Aplicativos/UnityARFoundationEssentials-master
-logFile
Logs/AssetImportWorker3.log
-srvPort
52130
Successfully changed project path to: C:/Users/mathe/OneDrive/Documentos/Projetos de Aplicativos/UnityARFoundationEssentials-master
C:/Users/mathe/OneDrive/Documentos/Projetos de Aplicativos/UnityARFoundationEssentials-master
[UnityMemory] Configuration Parameters - Can be set up in boot.config
    "memorysetup-bucket-allocator-granularity=16"
    "memorysetup-bucket-allocator-bucket-count=8"
    "memorysetup-bucket-allocator-block-size=33554432"
    "memorysetup-bucket-allocator-block-count=8"
    "memorysetup-main-allocator-block-size=16777216"
    "memorysetup-thread-allocator-block-size=16777216"
    "memorysetup-gfx-main-allocator-block-size=16777216"
    "memorysetup-gfx-thread-allocator-block-size=16777216"
    "memorysetup-cache-allocator-block-size=4194304"
    "memorysetup-typetree-allocator-block-size=2097152"
    "memorysetup-profiler-bucket-allocator-granularity=16"
    "memorysetup-profiler-bucket-allocator-bucket-count=8"
    "memorysetup-profiler-bucket-allocator-block-size=33554432"
    "memorysetup-profiler-bucket-allocator-block-count=8"
    "memorysetup-profiler-allocator-block-size=16777216"
    "memorysetup-profiler-editor-allocator-block-size=1048576"
    "memorysetup-temp-allocator-size-main=16777216"
    "memorysetup-job-temp-allocator-block-size=2097152"
    "memorysetup-job-temp-allocator-block-size-background=1048576"
    "memorysetup-job-temp-allocator-reduction-small-platforms=262144"
    "memorysetup-temp-allocator-size-background-worker=32768"
    "memorysetup-temp-allocator-size-job-worker=262144"
    "memorysetup-temp-allocator-size-preload-manager=33554432"
    "memorysetup-temp-allocator-size-nav-mesh-worker=65536"
    "memorysetup-temp-allocator-size-audio-worker=65536"
    "memorysetup-temp-allocator-size-cloud-worker=32768"
    "memorysetup-temp-allocator-size-gi-baking-worker=262144"
    "memorysetup-temp-allocator-size-gfx=262144"
Refreshing native plugins compatible for Editor in 194.66 ms, found 2 plugins.
Preloading 0 native plugins for Editor in 0.00 ms.
Initialize engine version: 2021.3.11f1 (0a5ca18544bf)
[Subsystems] Discovering subsystems at path C:/Program Files/Unity/Hub/Editor/2021.3.11f1/Editor/Data/Resources/UnitySubsystems
[Subsystems] Discovering subsystems at path C:/Users/mathe/OneDrive/Documentos/Projetos de Aplicativos/UnityARFoundationEssentials-master/Assets
GfxDevice: creating device client; threaded=0; jobified=0
Direct3D:
    Version:  Direct3D 11.0 [level 11.0]
    Renderer: NVIDIA GeForce MX110 (ID=0x174e)
    Vendor:   NVIDIA
    VRAM:     2008 MB
    Driver:   31.0.15.4584
Initialize mono
Mono path[0] = 'C:/Program Files/Unity/Hub/Editor/2021.3.11f1/Editor/Data/Managed'
Mono path[1] = 'C:/Program Files/Unity/Hub/Editor/2021.3.11f1/Editor/Data/MonoBleedingEdge/lib/mono/unityjit-win32'
Mono config path = 'C:/Program Files/Unity/Hub/Editor/2021.3.11f1/Editor/Data/MonoBleedingEdge/etc'
Using monoOptions --debugger-agent=transport=dt_socket,embedding=1,server=y,suspend=n,address=127.0.0.1:56180
Begin MonoManager ReloadAssembly
Registering precompiled unity dll's ...
Register platform support module: C:/Program Files/Unity/Hub/Editor/2021.3.11f1/Editor/Data/PlaybackEngines/WebGLSupport/UnityEditor.WebGL.Extensions.dll
Register platform support module: C:/Program Files/Unity/Hub/Editor/2021.3.11f1/Editor/Data/PlaybackEngines/AndroidPlayer/UnityEditor.Android.Extensions.dll
Register platform support module: C:/Program Files/Unity/Hub/Editor/2021.3.11f1/Editor/Data/PlaybackEngines/WindowsStandaloneSupport/UnityEditor.WindowsStandalone.Extensions.dll
Register platform support module: C:/Program Files/Unity/Hub/Editor/2021.3.11f1/Editor/Data/PlaybackEngines/LinuxStandaloneSupport/UnityEditor.LinuxStandalone.Extensions.dll
Registered in 0.020693 seconds.
Native extension for LinuxStandalone target not found
Native extension for WindowsStandalone target not found
Native extension for Android target not found
Native extension for WebGL target not found
Refreshing native plugins compatible for Editor in 184.50 ms, found 2 plugins.
Preloading 0 native plugins for Editor in 0.00 ms.
Mono: successfully reloaded assembly
- Completed reload, in  3.935 seconds
Domain Reload Profiling:
	ReloadAssembly (3936ms)
		BeginReloadAssembly (169ms)
			ExecutionOrderSort (0ms)
			DisableScriptedObjects (0ms)
			BackupInstance (0ms)
			ReleaseScriptingObjects (0ms)
			CreateAndSetChildDomain (2ms)
		EndReloadAssembly (3513ms)
			LoadAssemblies (166ms)
			RebuildTransferFunctionScriptingTraits (0ms)
			SetupTypeCache (405ms)
			ReleaseScriptCaches (0ms)
			RebuildScriptCaches (77ms)
			SetupLoadedEditorAssemblies (2846ms)
				LogAssemblyErrors (0ms)
				InitializePlatformSupportModulesInManaged (238ms)
				SetLoadedEditorAssemblies (0ms)
				RefreshPlugins (185ms)
				BeforeProcessingInitializeOnLoad (4ms)
				ProcessInitializeOnLoadAttributes (1645ms)
				ProcessInitializeOnLoadMethodAttributes (774ms)
				AfterProcessingInitializeOnLoad (0ms)
				EditorAssembliesLoaded (0ms)
			ExecutionOrderSort2 (0ms)
			AwakeInstancesAfterBackupRestoration (0ms)
Platform modules already initialized, skipping
Registering precompiled user dll's ...
Registered in 0.114702 seconds.
Begin MonoManager ReloadAssembly
Native extension for LinuxStandalone target not found
Native extension for WindowsStandalone target not found
Native extension for Android target not found
Native extension for WebGL target not found
Refreshing native plugins compatible for Editor in 250.93 ms, found 2 plugins.
Preloading 0 native plugins for Editor in 0.00 ms.
Package Manager log level set to [2]
Mono: successfully reloaded assembly
- Completed reload, in 11.409 seconds
Domain Reload Profiling:
	ReloadAssembly (11410ms)
		BeginReloadAssembly (320ms)
			ExecutionOrderSort (0ms)
			DisableScriptedObjects (15ms)
			BackupInstance (0ms)
			ReleaseScriptingObjects (0ms)
			CreateAndSetChildDomain (138ms)
		EndReloadAssembly (10832ms)
			LoadAssemblies (4522ms)
			RebuildTransferFunctionScriptingTraits (0ms)
			SetupTypeCache (2262ms)
			ReleaseScriptCaches (1ms)
			RebuildScriptCaches (326ms)
			SetupLoadedEditorAssemblies (3498ms)
				LogAssemblyErrors (0ms)
				InitializePlatformSupportModulesInManaged (138ms)
				SetLoadedEditorAssemblies (1ms)
				RefreshPlugins (251ms)
				BeforeProcessingInitializeOnLoad (226ms)
				ProcessInitializeOnLoadAttributes (1270ms)
				ProcessInitializeOnLoadMethodAttributes (1599ms)
				AfterProcessingInitializeOnLoad (13ms)
				EditorAssembliesLoaded (0ms)
			ExecutionOrderSort2 (0ms)
			AwakeInstancesAfterBackupRestoration (11ms)
Platform modules already initialized, skipping
========================================================================
Worker process is ready to serve import requests
Launched and connected shader compiler UnityShaderCompiler.exe after 0.07 seconds
Refreshing native plugins compatible for Editor in 1.13 ms, found 2 plugins.
Preloading 0 native plugins for Editor in 0.00 ms.
Unloading 3323 Unused Serialized files (Serialized files now loaded: 0)
Unloading 135 unused Assets / (131.9 KB). Loaded Objects now: 3759.
Memory consumption went from 129.8 MB to 129.7 MB.
Total: 11.004900 ms (FindLiveObjects: 1.407100 ms CreateObjectMapping: 0.436900 ms MarkObjects: 8.774800 ms  DeleteObjects: 0.384600 ms)

AssetImportParameters requested are different than current active one (requested -> active):
  custom:video-decoder-ogg-theora: a1e56fd34408186e4bbccfd4996cb3dc -> 
  custom:container-muxer-webm: aa71ff27fc2769a1b78a27578f13a17b -> 
  custom:container-demuxer-webm: 4f35f7cbe854078d1ac9338744f61a02 -> 
  custom:video-encoder-webm-vp8: eb34c28f22e8b96e1ab97ce403110664 -> 
  custom:video-codec-MediaFoundation-h265: 746d11721c4dcdbdad8f713fa42b33f4 -> 
  custom:audio-encoder-webm-vorbis: bf7c407c2cedff20999df2af8eb42d56 -> 
  custom:framework-win-MediaFoundation: 216162199b28c13a410421893ffa2e32 -> 
  custom:container-demuxer-ogg: 62fdf1f143b41e24485cea50d1cbac27 -> 
  custom:video-decoder-webm-vp8: 9c59270c3fd7afecdb556c50c9e8de78 -> 
  custom:audio-decoder-ogg-vorbis: bf7c407c2cedff20999df2af8eb42d56 -> 
========================================================================
Received Prepare
Registering precompiled user dll's ...
Registered in 0.019629 seconds.
Begin MonoManager ReloadAssembly
Native extension for LinuxStandalone target not found
Native extension for WindowsStandalone target not found
Native extension for Android target not found
Native extension for WebGL target not found
Refreshing native plugins compatible for Editor in 1.93 ms, found 2 plugins.
Preloading 0 native plugins for Editor in 0.00 ms.
Warning: Annotation not found!
UnityEngine.StackTraceUtility:ExtractStackTrace ()
UnityEditor.ProBuilder.EditorUtility:SetGizmoIconEnabled (System.Type,bool) (at Library/PackageCache/com.unity.probuilder@5.0.3/Editor/EditorCore/EditorUtility.cs:575)
UnityEditor.ProBuilder.HierarchyListener:.cctor () (at Library/PackageCache/com.unity.probuilder@5.0.3/Editor/EditorCore/HierarchyListener.cs:21)
System.Runtime.CompilerServices.RuntimeHelpers:RunClassConstructor (System.RuntimeTypeHandle)
UnityEditor.EditorAssemblies:ProcessInitializeOnLoadAttributes (System.Type[])

[Library/PackageCache/com.unity.probuilder@5.0.3/Editor/EditorCore/EditorUtility.cs line 575]

Mono: successfully reloaded assembly
- Completed reload, in  4.028 seconds
Domain Reload Profiling:
	ReloadAssembly (4031ms)
		BeginReloadAssembly (412ms)
			ExecutionOrderSort (0ms)
			DisableScriptedObjects (21ms)
			BackupInstance (0ms)
			ReleaseScriptingObjects (0ms)
			CreateAndSetChildDomain (100ms)
		EndReloadAssembly (3339ms)
			LoadAssemblies (237ms)
			RebuildTransferFunctionScriptingTraits (0ms)
			SetupTypeCache (765ms)
			ReleaseScriptCaches (3ms)
			RebuildScriptCaches (168ms)
			SetupLoadedEditorAssemblies (1951ms)
				LogAssemblyErrors (0ms)
				InitializePlatformSupportModulesInManaged (68ms)
				SetLoadedEditorAssemblies (1ms)
				RefreshPlugins (2ms)
				BeforeProcessingInitializeOnLoad (290ms)
				ProcessInitializeOnLoadAttributes (965ms)
				ProcessInitializeOnLoadMethodAttributes (584ms)
				AfterProcessingInitializeOnLoad (41ms)
				EditorAssembliesLoaded (1ms)
			ExecutionOrderSort2 (0ms)
			AwakeInstancesAfterBackupRestoration (35ms)
Platform modules already initialized, skipping
Refreshing native plugins compatible for Editor in 17.07 ms, found 2 plugins.
Preloading 0 native plugins for Editor in 0.00 ms.
Unloading 3272 Unused Serialized files (Serialized files now loaded: 0)
Unloading 52 unused Assets / (104.8 KB). Loaded Objects now: 3763.
Memory consumption went from 126.0 MB to 125.9 MB.
Total: 22.936200 ms (FindLiveObjects: 0.449200 ms CreateObjectMapping: 0.292600 ms MarkObjects: 21.955900 ms  DeleteObjects: 0.235700 ms)

AssetImportParameters requested are different than current active one (requested -> active):
  custom:video-decoder-ogg-theora: a1e56fd34408186e4bbccfd4996cb3dc -> 
  custom:container-muxer-webm: aa71ff27fc2769a1b78a27578f13a17b -> 
  custom:container-demuxer-webm: 4f35f7cbe854078d1ac9338744f61a02 -> 
  custom:video-encoder-webm-vp8: eb34c28f22e8b96e1ab97ce403110664 -> 
  custom:video-codec-MediaFoundation-h265: 746d11721c4dcdbdad8f713fa42b33f4 -> 
  custom:audio-encoder-webm-vorbis: bf7c407c2cedff20999df2af8eb42d56 -> 
  custom:framework-win-MediaFoundation: 216162199b28c13a410421893ffa2e32 -> 
  custom:container-demuxer-ogg: 62fdf1f143b41e24485cea50d1cbac27 -> 
  custom:video-decoder-webm-vp8: 9c59270c3fd7afecdb556c50c9e8de78 -> 
  custom:audio-decoder-ogg-vorbis: bf7c407c2cedff20999df2af8eb42d56 -> 
========================================================================
Received Prepare
Registering precompiled user dll's ...
Registered in 0.007154 seconds.
Begin MonoManager ReloadAssembly
Native extension for LinuxStandalone target not found
Native extension for WindowsStandalone target not found
Native extension for Android target not found
Native extension for WebGL target not found
Refreshing native plugins compatible for Editor in 1.21 ms, found 2 plugins.
Preloading 0 native plugins for Editor in 0.00 ms.
Warning: Annotation not found!
UnityEngine.StackTraceUtility:ExtractStackTrace ()
UnityEditor.ProBuilder.EditorUtility:SetGizmoIconEnabled (System.Type,bool) (at Library/PackageCache/com.unity.probuilder@5.0.3/Editor/EditorCore/EditorUtility.cs:575)
UnityEditor.ProBuilder.HierarchyListener:.cctor () (at Library/PackageCache/com.unity.probuilder@5.0.3/Editor/EditorCore/HierarchyListener.cs:21)
System.Runtime.CompilerServices.RuntimeHelpers:RunClassConstructor (System.RuntimeTypeHandle)
UnityEditor.EditorAssemblies:ProcessInitializeOnLoadAttributes (System.Type[])

[Library/PackageCache/com.unity.probuilder@5.0.3/Editor/EditorCore/EditorUtility.cs line 575]

Mono: successfully reloaded assembly
- Completed reload, in  2.141 seconds
Domain Reload Profiling:
	ReloadAssembly (2143ms)
		BeginReloadAssembly (292ms)
			ExecutionOrderSort (0ms)
			DisableScriptedObjects (14ms)
			BackupInstance (0ms)
			ReleaseScriptingObjects (0ms)
			CreateAndSetChildDomain (78ms)
		EndReloadAssembly (1622ms)
			LoadAssemblies (196ms)
			RebuildTransferFunctionScriptingTraits (0ms)
			SetupTypeCache (485ms)
			ReleaseScriptCaches (1ms)
			RebuildScriptCaches (68ms)
			SetupLoadedEditorAssemblies (807ms)
				LogAssemblyErrors (0ms)
				InitializePlatformSupportModulesInManaged (45ms)
				SetLoadedEditorAssemblies (1ms)
				RefreshPlugins (1ms)
				BeforeProcessingInitializeOnLoad (142ms)
				ProcessInitializeOnLoadAttributes (351ms)
				ProcessInitializeOnLoadMethodAttributes (251ms)
				AfterProcessingInitializeOnLoad (15ms)
				EditorAssembliesLoaded (0ms)
			ExecutionOrderSort2 (0ms)
			AwakeInstancesAfterBackupRestoration (12ms)
Platform modules already initialized, skipping
Refreshing native plugins compatible for Editor in 9.38 ms, found 2 plugins.
Preloading 0 native plugins for Editor in 0.00 ms.
Unloading 3272 Unused Serialized files (Serialized files now loaded: 0)
Unloading 52 unused Assets / (96.9 KB). Loaded Objects now: 3767.
Memory consumption went from 126.0 MB to 125.9 MB.
Total: 8.025500 ms (FindLiveObjects: 0.287000 ms CreateObjectMapping: 0.200200 ms MarkObjects: 7.381600 ms  DeleteObjects: 0.154800 ms)

AssetImportParameters requested are different than current active one (requested -> active):
  custom:video-decoder-ogg-theora: a1e56fd34408186e4bbccfd4996cb3dc -> 
  custom:container-muxer-webm: aa71ff27fc2769a1b78a27578f13a17b -> 
  custom:container-demuxer-webm: 4f35f7cbe854078d1ac9338744f61a02 -> 
  custom:video-encoder-webm-vp8: eb34c28f22e8b96e1ab97ce403110664 -> 
  custom:video-codec-MediaFoundation-h265: 746d11721c4dcdbdad8f713fa42b33f4 -> 
  custom:audio-encoder-webm-vorbis: bf7c407c2cedff20999df2af8eb42d56 -> 
  custom:framework-win-MediaFoundation: 216162199b28c13a410421893ffa2e32 -> 
  custom:container-demuxer-ogg: 62fdf1f143b41e24485cea50d1cbac27 -> 
  custom:video-decoder-webm-vp8: 9c59270c3fd7afecdb556c50c9e8de78 -> 
  custom:audio-decoder-ogg-vorbis: bf7c407c2cedff20999df2af8eb42d56 -> 
========================================================================
Received Import Request.
  Time since last request: 550141.476135 seconds.
  path: Assets/Realistic_Furniture_And_Interior_Props_Pack/Texrures/RFAIPP_Acoustic_System_ao.png
  artifactKey: Guid(931bb4f8ccd5a1744921d7ade639737f) Importer(815301076,1909f56bfc062723c751e8b465ee728b)
Start importing Assets/Realistic_Furniture_And_Interior_Props_Pack/Texrures/RFAIPP_Acoustic_System_ao.png using Guid(931bb4f8ccd5a1744921d7ade639737f) Importer(815301076,1909f56bfc062723c751e8b465ee728b)  -> (artifact id: 'b494b2e76ca330e2d39c76fcb07466ce') in 0.138296 seconds 
========================================================================
Received Import Request.
  Time since last request: 0.000051 seconds.
  path: Assets/Realistic_Furniture_And_Interior_Props_Pack/Texrures/RFAIPP_Chair_5_nm.png
  artifactKey: Guid(7fc23c40e7f51e64096e6a1b18ae6093) Importer(815301076,1909f56bfc062723c751e8b465ee728b)
Start importing Assets/Realistic_Furniture_And_Interior_Props_Pack/Texrures/RFAIPP_Chair_5_nm.png using Guid(7fc23c40e7f51e64096e6a1b18ae6093) Importer(815301076,1909f56bfc062723c751e8b465ee728b)  -> (artifact id: '28992a0b0e0fad993ec67c4eeabe99f6') in 0.083288 seconds 
========================================================================
Received Import Request.
  Time since last request: 0.000024 seconds.
  path: Assets/Realistic_Furniture_And_Interior_Props_Pack/Texrures/RFAIPP_Armchair_3_ao.png
  artifactKey: Guid(aeb9963655e63274f91fed3288419947) Importer(815301076,1909f56bfc062723c751e8b465ee728b)
Start importing Assets/Realistic_Furniture_And_Interior_Props_Pack/Texrures/RFAIPP_Armchair_3_ao.png using Guid(aeb9963655e63274f91fed3288419947) Importer(815301076,1909f56bfc062723c751e8b465ee728b)  -> (artifact id: 'a868d062b0da8491c8ad45a9fe34a55e') in 0.044609 seconds 
========================================================================
Received Import Request.
  Time since last request: 0.000032 seconds.
  path: Assets/Realistic_Furniture_And_Interior_Props_Pack/Texrures/RFAIPP_Armchair_1_dm.png
  artifactKey: Guid(2261e60232fc4f643800ee314f782599) Importer(815301076,1909f56bfc062723c751e8b465ee728b)
Start importing Assets/Realistic_Furniture_And_Interior_Props_Pack/Texrures/RFAIPP_Armchair_1_dm.png using Guid(2261e60232fc4f643800ee314f782599) Importer(815301076,1909f56bfc062723c751e8b465ee728b)  -> (artifact id: '33ec18f50b49b66528d5294a4b5acbb7') in 0.037685 seconds 
========================================================================
Received Import Request.
  Time since last request: 0.000021 seconds.
  path: Assets/Realistic_Furniture_And_Interior_Props_Pack/Texrures/RFAIPP_Armchair_3_nm.png
  artifactKey: Guid(de54b6caf27c07a48969fe069dfc37ba) Importer(815301076,1909f56bfc062723c751e8b465ee728b)
Start importing Assets/Realistic_Furniture_And_Interior_Props_Pack/Texrures/RFAIPP_Armchair_3_nm.png using Guid(de54b6caf27c07a48969fe069dfc37ba) Importer(815301076,1909f56bfc062723c751e8b465ee728b)  -> (artifact id: '20d658011c690f8b6ce70f9e210d337e') in 0.050179 seconds 
========================================================================
Received Import Request.
  Time since last request: 0.000028 seconds.
  path: Assets/Realistic_Furniture_And_Interior_Props_Pack/Texrures/RFAIPP_Chair_3_albedo.png
  artifactKey: Guid(2766c16bbfa0ac54fbae9b80e488658c) Importer(815301076,1909f56bfc062723c751e8b465ee728b)
Start importing Assets/Realistic_Furniture_And_Interior_Props_Pack/Texrures/RFAIPP_Chair_3_albedo.png using Guid(2766c16bbfa0ac54fbae9b80e488658c) Importer(815301076,1909f56bfc062723c751e8b465ee728b)  -> (artifact id: '5cb3ff5fc4427d0e7ff23d619336b08f') in 0.049736 seconds 
========================================================================
Received Import Request.
  Time since last request: 0.000040 seconds.
  path: Assets/Realistic_Furniture_And_Interior_Props_Pack/Texrures/RFAIPP_Armchair_4_nm.png
  artifactKey: Guid(76ea175be0b086f43a221ca980e9371f) Importer(815301076,1909f56bfc062723c751e8b465ee728b)
Start importing Assets/Realistic_Furniture_And_Interior_Props_Pack/Texrures/RFAIPP_Armchair_4_nm.png using Guid(76ea175be0b086f43a221ca980e9371f) Importer(815301076,1909f56bfc062723c751e8b465ee728b)  -> (artifact id: '0bad6923fad2c4e625f3ef0802677c56') in 0.047067 seconds 
========================================================================
Received Import Request.
  Time since last request: 0.000030 seconds.
  path: Assets/Realistic_Furniture_And_Interior_Props_Pack/Texrures/RFAIPP_Armchair_5_dm.png
  artifactKey: Guid(0621f44fa3510364dad9e9aa05c7406f) Importer(815301076,1909f56bfc062723c751e8b465ee728b)
Start importing Assets/Realistic_Furniture_And_Interior_Props_Pack/Texrures/RFAIPP_Armchair_5_dm.png using Guid(0621f44fa3510364dad9e9aa05c7406f) Importer(815301076,1909f56bfc062723c751e8b465ee728b)  -> (artifact id: '69726be230eba7c088fa68c18ea4ab16') in 0.026966 seconds 
========================================================================
Received Import Request.
  Time since last request: 0.000042 seconds.
  path: Assets/Realistic_Furniture_And_Interior_Props_Pack/Texrures/RFAIPP_Bookcase_2_albedo.png
  artifactKey: Guid(21f039e2f3175d74f83463b72ef7f6e5) Importer(815301076,1909f56bfc062723c751e8b465ee728b)
Start importing Assets/Realistic_Furniture_And_Interior_Props_Pack/Texrures/RFAIPP_Bookcase_2_albedo.png using Guid(21f039e2f3175d74f83463b72ef7f6e5) Importer(815301076,1909f56bfc062723c751e8b465ee728b)  -> (artifact id: '3067f3baf2e7c46473edb347ba78dab1') in 0.050572 seconds 
========================================================================
Received Import Request.
  Time since last request: 0.000031 seconds.
  path: Assets/Realistic_Furniture_And_Interior_Props_Pack/Texrures/RFAIPP_Armchair_2_dm.png
  artifactKey: Guid(8c0e84b08c89edb49b249232ff0c0c84) Importer(815301076,1909f56bfc062723c751e8b465ee728b)
Start importing Assets/Realistic_Furniture_And_Interior_Props_Pack/Texrures/RFAIPP_Armchair_2_dm.png using Guid(8c0e84b08c89edb49b249232ff0c0c84) Importer(815301076,1909f56bfc062723c751e8b465ee728b)  -> (artifact id: 'f78545bcaafaf14fedb192b515338125') in 0.029034 seconds 
========================================================================
Received Import Request.
  Time since last request: 0.000029 seconds.
  path: Assets/Realistic_Furniture_And_Interior_Props_Pack/Texrures/RFAIPP_Bookcase_2_nm.png
  artifactKey: Guid(2c71d2edeed265340bfc831a98c5f9b7) Importer(815301076,1909f56bfc062723c751e8b465ee728b)
Start importing Assets/Realistic_Furniture_And_Interior_Props_Pack/Texrures/RFAIPP_Bookcase_2_nm.png using Guid(2c71d2edeed265340bfc831a98c5f9b7) Importer(815301076,1909f56bfc062723c751e8b465ee728b)  -> (artifact id: '4de8165bc2375bde2aaf04f51490816f') in 0.034940 seconds 
========================================================================
Received Import Request.
  Time since last request: 0.000030 seconds.
  path: Assets/Realistic_Furniture_And_Interior_Props_Pack/Texrures/RFAIPP_Candlestick_albedo.png
  artifactKey: Guid(67f16b53f751dd54ebe4e4e5b48d654f) Importer(815301076,1909f56bfc062723c751e8b465ee728b)
Start importing Assets/Realistic_Furniture_And_Interior_Props_Pack/Texrures/RFAIPP_Candlestick_albedo.png using Guid(67f16b53f751dd54ebe4e4e5b48d654f) Importer(815301076,1909f56bfc062723c751e8b465ee728b)  -> (artifact id: '247742d1b27943ac630224e81e1cfaad') in 0.032575 seconds 
========================================================================
Received Import Request.
  Time since last request: 0.000038 seconds.
  path: Assets/Realistic_Furniture_And_Interior_Props_Pack/Texrures/RFAIPP_Chair_2_albedo.png
  artifactKey: Guid(d95647c894f8d0548a6fb2bfaaa78e8e) Importer(815301076,1909f56bfc062723c751e8b465ee728b)
Start importing Assets/Realistic_Furniture_And_Interior_Props_Pack/Texrures/RFAIPP_Chair_2_albedo.png using Guid(d95647c894f8d0548a6fb2bfaaa78e8e) Importer(815301076,1909f56bfc062723c751e8b465ee728b)  -> (artifact id: '1e060a8229935fb8eb7f3a478a2505cf') in 0.047835 seconds 
========================================================================
Received Import Request.
  Time since last request: 0.000027 seconds.
  path: Assets/Realistic_Furniture_And_Interior_Props_Pack/Texrures/RFAIPP_Armchair_5_albedo.png
  artifactKey: Guid(4198875f387793940ae75832f8bd192f) Importer(815301076,1909f56bfc062723c751e8b465ee728b)
Start importing Assets/Realistic_Furniture_And_Interior_Props_Pack/Texrures/RFAIPP_Armchair_5_albedo.png using Guid(4198875f387793940ae75832f8bd192f) Importer(815301076,1909f56bfc062723c751e8b465ee728b)  -> (artifact id: 'aa5c07c1f64d4ee0fdeef1e17660528a') in 0.036230 seconds 
========================================================================
Received Import Request.
  Time since last request: 0.000027 seconds.
  path: Assets/Realistic_Furniture_And_Interior_Props_Pack/Texrures/RFAIPP_Bed_2_ao.png
  artifactKey: Guid(846ba0012614fed4fb4a8a132a0a0be5) Importer(815301076,1909f56bfc062723c751e8b465ee728b)
Start importing Assets/Realistic_Furniture_And_Interior_Props_Pack/Texrures/RFAIPP_Bed_2_ao.png using Guid(846ba0012614fed4fb4a8a132a0a0be5) Importer(815301076,1909f56bfc062723c751e8b465ee728b)  -> (artifact id: '5a88ee3356494b7047701e2a06fdeddd') in 0.025132 seconds 
========================================================================
Received Import Request.
  Time since last request: 0.000019 seconds.
  path: Assets/Realistic_Furniture_And_Interior_Props_Pack/Texrures/RFAIPP_Armchair_3_albedo.png
  artifactKey: Guid(44ad7704227f138499621ff2ad46d122) Importer(815301076,1909f56bfc062723c751e8b465ee728b)
Start importing Assets/Realistic_Furniture_And_Interior_Props_Pack/Texrures/RFAIPP_Armchair_3_albedo.png using Guid(44ad7704227f138499621ff2ad46d122) Importer(815301076,1909f56bfc062723c751e8b465ee728b)  -> (artifact id: '1ff224b2543c1f338ed9ebc6bcfa27d5') in 0.043884 seconds 
========================================================================
Received Import Request.
  Time since last request: 0.000028 seconds.
  path: Assets/Realistic_Furniture_And_Interior_Props_Pack/Texrures/RFAIPP_Chair_3_ao.png
  artifactKey: Guid(0175cc6633396dc4fa3a6aa5e911aab2) Importer(815301076,1909f56bfc062723c751e8b465ee728b)
Start importing Assets/Realistic_Furniture_And_Interior_Props_Pack/Texrures/RFAIPP_Chair_3_ao.png using Guid(0175cc6633396dc4fa3a6aa5e911aab2) Importer(815301076,1909f56bfc062723c751e8b465ee728b)  -> (artifact id: 'fc98bcc869ac0134965883eeb0c6f4ce') in 0.030588 seconds 
========================================================================
Received Import Request.
  Time since last request: 0.000022 seconds.
  path: Assets/Realistic_Furniture_And_Interior_Props_Pack/Texrures/RFAIPP_Chair_2_nm.png
  artifactKey: Guid(9ab3afb8d071ff2419641019bef430de) Importer(815301076,1909f56bfc062723c751e8b465ee728b)
Start importing Assets/Realistic_Furniture_And_Interior_Props_Pack/Texrures/RFAIPP_Chair_2_nm.png using Guid(9ab3afb8d071ff2419641019bef430de) Importer(815301076,1909f56bfc062723c751e8b465ee728b)  -> (artifact id: 'e5a9a6626560bb8f7cef651fcf01c49a') in 0.042800 seconds 
========================================================================
Received Import Request.
  Time since last request: 0.000023 seconds.
  path: Assets/Realistic_Furniture_And_Interior_Props_Pack/Texrures/RFAIPP_Chair_4_albedo.png
  artifactKey: Guid(74e396b8eaf998246a1fd865ea753801) Importer(815301076,1909f56bfc062723c751e8b465ee728b)
Start importing Assets/Realistic_Furniture_And_Interior_Props_Pack/Texrures/RFAIPP_Chair_4_albedo.png using Guid(74e396b8eaf998246a1fd865ea753801) Importer(815301076,1909f56bfc062723c751e8b465ee728b)  -> (artifact id: 'ec49f72be34fc4370c07767a1c104dea') in 0.044820 seconds 
========================================================================
Received Import Request.
  Time since last request: 0.000053 seconds.
  path: Assets/Realistic_Furniture_And_Interior_Props_Pack/Texrures/RFAIPP_Chair_2_ao.png
  artifactKey: Guid(f9584acf22f44194692a32c772bf736c) Importer(815301076,1909f56bfc062723c751e8b465ee728b)
Start importing Assets/Realistic_Furniture_And_Interior_Props_Pack/Texrures/RFAIPP_Chair_2_ao.png using Guid(f9584acf22f44194692a32c772bf736c) Importer(815301076,1909f56bfc062723c751e8b465ee728b)  -> (artifact id: '6ec416b0b4acf3cb0db6567f2351109f') in 0.033441 seconds 
========================================================================
Received Import Request.
  Time since last request: 0.000029 seconds.
  path: Assets/Realistic_Furniture_And_Interior_Props_Pack/Texrures/RFAIPP_Armchair_4_albedo.png
  artifactKey: Guid(d2423d5b5c478e7428dc5e35d3407f61) Importer(815301076,1909f56bfc062723c751e8b465ee728b)
Start importing Assets/Realistic_Furniture_And_Interior_Props_Pack/Texrures/RFAIPP_Armchair_4_albedo.png using Guid(d2423d5b5c478e7428dc5e35d3407f61) Importer(815301076,1909f56bfc062723c751e8b465ee728b)  -> (artifact id: '1bdef04b3a62e294da331b2ff8bbbee2') in 0.474440 seconds 
========================================================================
Received Import Request.
  Time since last request: 0.000032 seconds.
  path: Assets/Realistic_Furniture_And_Interior_Props_Pack/Texrures/RFAIPP_Bookcase_1_ao.png
  artifactKey: Guid(90a26912824f8864cb5b1a0c7d1ac291) Importer(815301076,1909f56bfc062723c751e8b465ee728b)
Start importing Assets/Realistic_Furniture_And_Interior_Props_Pack/Texrures/RFAIPP_Bookcase_1_ao.png using Guid(90a26912824f8864cb5b1a0c7d1ac291) Importer(815301076,1909f56bfc062723c751e8b465ee728b)  -> (artifact id: '0ebf96c014b066766a5e6a1980da9997') in 0.051344 seconds 
========================================================================
Received Import Request.
  Time since last request: 0.000040 seconds.
  path: Assets/Realistic_Furniture_And_Interior_Props_Pack/Texrures/RFAIPP_Candlestick_ao.png
  artifactKey: Guid(9d9158e49fad2154a8ee16197a7be9b5) Importer(815301076,1909f56bfc062723c751e8b465ee728b)
Start importing Assets/Realistic_Furniture_And_Interior_Props_Pack/Texrures/RFAIPP_Candlestick_ao.png using Guid(9d9158e49fad2154a8ee16197a7be9b5) Importer(815301076,1909f56bfc062723c751e8b465ee728b)  -> (artifact id: 'fab2d7d9ea48dc4f6ea0e8f5092bfb14') in 0.027965 seconds 
========================================================================
Received Import Request.
  Time since last request: 0.000029 seconds.
  path: Assets/Realistic_Furniture_And_Interior_Props_Pack/Texrures/RFAIPP_Chair_1_ao.png
  artifactKey: Guid(26ac25086a1d3b141a41b4824981cbcb) Importer(815301076,1909f56bfc062723c751e8b465ee728b)
Start importing Assets/Realistic_Furniture_And_Interior_Props_Pack/Texrures/RFAIPP_Chair_1_ao.png using Guid(26ac25086a1d3b141a41b4824981cbcb) Importer(815301076,1909f56bfc062723c751e8b465ee728b)  -> (artifact id: '6037841c1050caecc07441ad7e51355d') in 0.030357 seconds 
========================================================================
Received Import Request.
  Time since last request: 0.000031 seconds.
  path: Assets/Realistic_Furniture_And_Interior_Props_Pack/Texrures/RFAIPP_Chair_3_nm.png
  artifactKey: Guid(b7593bf98002ab5499a09fb0cf42e88b) Importer(815301076,1909f56bfc062723c751e8b465ee728b)
Start importing Assets/Realistic_Furniture_And_Interior_Props_Pack/Texrures/RFAIPP_Chair_3_nm.png using Guid(b7593bf98002ab5499a09fb0cf42e88b) Importer(815301076,1909f56bfc062723c751e8b465ee728b)  -> (artifact id: 'be3d6113163c35a38161ab5fabb6e76f') in 0.045463 seconds 
========================================================================
Received Import Request.
  Time since last request: 0.000020 seconds.
  path: Assets/Realistic_Furniture_And_Interior_Props_Pack/Texrures/RFAIPP_Chair_7_ao.png
  artifactKey: Guid(5c60714e86fbc7c489894a9f94039593) Importer(815301076,1909f56bfc062723c751e8b465ee728b)
Start importing Assets/Realistic_Furniture_And_Interior_Props_Pack/Texrures/RFAIPP_Chair_7_ao.png using Guid(5c60714e86fbc7c489894a9f94039593) Importer(815301076,1909f56bfc062723c751e8b465ee728b)  -> (artifact id: 'd0e2eea52cde7f93cd6d2877667bfb07') in 0.022208 seconds 
========================================================================
Received Import Request.
  Time since last request: 0.000018 seconds.
  path: Assets/Realistic_Furniture_And_Interior_Props_Pack/Texrures/RFAIPP_Bookcase_2_ao.png
  artifactKey: Guid(8166cb3618b428245939106b02655100) Importer(815301076,1909f56bfc062723c751e8b465ee728b)
Start importing Assets/Realistic_Furniture_And_Interior_Props_Pack/Texrures/RFAIPP_Bookcase_2_ao.png using Guid(8166cb3618b428245939106b02655100) Importer(815301076,1909f56bfc062723c751e8b465ee728b)  -> (artifact id: '03223509dff19b775ab6134637a4e995') in 0.030454 seconds 
========================================================================
Received Import Request.
  Time since last request: 0.000033 seconds.
  path: Assets/Realistic_Furniture_And_Interior_Props_Pack/Texrures/RFAIPP_Acoustic_System_nm.png
  artifactKey: Guid(ba72101231ac6c24096f748273769636) Importer(815301076,1909f56bfc062723c751e8b465ee728b)
Start importing Assets/Realistic_Furniture_And_Interior_Props_Pack/Texrures/RFAIPP_Acoustic_System_nm.png using Guid(ba72101231ac6c24096f748273769636) Importer(815301076,1909f56bfc062723c751e8b465ee728b)  -> (artifact id: 'bc4dab5048d427c1fffa7d6b56b4ee37') in 0.043933 seconds 
========================================================================
Received Import Request.
  Time since last request: 0.000030 seconds.
  path: Assets/Realistic_Furniture_And_Interior_Props_Pack/Texrures/RFAIPP_Bed_2_nm.png
  artifactKey: Guid(ecf70d65afa70254fb6a15da72785813) Importer(815301076,1909f56bfc062723c751e8b465ee728b)
Start importing Assets/Realistic_Furniture_And_Interior_Props_Pack/Texrures/RFAIPP_Bed_2_nm.png using Guid(ecf70d65afa70254fb6a15da72785813) Importer(815301076,1909f56bfc062723c751e8b465ee728b)  -> (artifact id: '60a31f8e904e4f213c161371785a4d34') in 0.043698 seconds 
========================================================================
Received Import Request.
  Time since last request: 0.000033 seconds.
  path: Assets/Realistic_Furniture_And_Interior_Props_Pack/Texrures/RFAIPP_Bathroom_Tap_ao.png
  artifactKey: Guid(7ef6b55a3b2c66745ae8ae636c925ab3) Importer(815301076,1909f56bfc062723c751e8b465ee728b)
Start importing Assets/Realistic_Furniture_And_Interior_Props_Pack/Texrures/RFAIPP_Bathroom_Tap_ao.png using Guid(7ef6b55a3b2c66745ae8ae636c925ab3) Importer(815301076,1909f56bfc062723c751e8b465ee728b)  -> (artifact id: '532d07dfe0e3b4d843fd54bbe2bb7c4b') in 0.030952 seconds 
========================================================================
Received Import Request.
  Time since last request: 0.000132 seconds.
  path: Assets/Realistic_Furniture_And_Interior_Props_Pack/Texrures/RFAIPP_Chair_6_ao.png
  artifactKey: Guid(bb53975c62bd57e4dae731ed38b6bf5b) Importer(815301076,1909f56bfc062723c751e8b465ee728b)
Start importing Assets/Realistic_Furniture_And_Interior_Props_Pack/Texrures/RFAIPP_Chair_6_ao.png using Guid(bb53975c62bd57e4dae731ed38b6bf5b) Importer(815301076,1909f56bfc062723c751e8b465ee728b)  -> (artifact id: '1d7f967ff19b67faa8ec8b88277bf412') in 0.026067 seconds 
========================================================================
Received Import Request.
  Time since last request: 0.000029 seconds.
  path: Assets/Realistic_Furniture_And_Interior_Props_Pack/Texrures/RFAIPP_Chair_6_nm.png
  artifactKey: Guid(80dd3d27ee6103141a6e3e55aee67a79) Importer(815301076,1909f56bfc062723c751e8b465ee728b)
Start importing Assets/Realistic_Furniture_And_Interior_Props_Pack/Texrures/RFAIPP_Chair_6_nm.png using Guid(80dd3d27ee6103141a6e3e55aee67a79) Importer(815301076,1909f56bfc062723c751e8b465ee728b)  -> (artifact id: '998ef5e3adb8b93b61c6bc29af26dfd0') in 0.043597 seconds 
========================================================================
Received Import Request.
  Time since last request: 0.000039 seconds.
  path: Assets/Realistic_Furniture_And_Interior_Props_Pack/Texrures/RFAIPP_Bathroom_Tap_albedo.png
  artifactKey: Guid(e3d42c55c7e226647a69a3980738ca50) Importer(815301076,1909f56bfc062723c751e8b465ee728b)
Start importing Assets/Realistic_Furniture_And_Interior_Props_Pack/Texrures/RFAIPP_Bathroom_Tap_albedo.png using Guid(e3d42c55c7e226647a69a3980738ca50) Importer(815301076,1909f56bfc062723c751e8b465ee728b)  -> (artifact id: '98f8d3ec6ced2517906d606fded531ad') in 0.046027 seconds 
========================================================================
Received Import Request.
  Time since last request: 0.000022 seconds.
  path: Assets/Realistic_Furniture_And_Interior_Props_Pack/Texrures/RFAIPP_Armchair_5_nm.png
  artifactKey: Guid(56d9611c35bf9004386f7c6b1c746d96) Importer(815301076,1909f56bfc062723c751e8b465ee728b)
Start importing Assets/Realistic_Furniture_And_Interior_Props_Pack/Texrures/RFAIPP_Armchair_5_nm.png using Guid(56d9611c35bf9004386f7c6b1c746d96) Importer(815301076,1909f56bfc062723c751e8b465ee728b)  -> (artifact id: '6fa574b82c5e4ed98adf450739239a52') in 0.030741 seconds 
AssetImportWorkerClient::OnTransportError - code=10054 error=Foi forçado o cancelamento de uma conexão existente pelo host remoto.
